02:50:35.781 [main                     ] DEBUG Logger               - Configured Logger
02:50:35.807 [main                     ] DEBUG GameApplication      - Logging settings
Title: PixelQuest
Version: 0.1
Width: 500
Height: 750
Fullscreen: false
Intro: false
Profiling: false
Single step:false
App Mode: DEVELOPER
Menu Key: ESCAPE
Stage Style: DECORATED
Scene Factory: class com.asher.scdpixelquest.PixelQuestApp$1

02:50:36.340 [JavaFX Application Thread] DEBUG FXGLApplication      - Initializing FXGL
02:50:36.343 [JavaFX Application Thread] INFO  Engine               - FXGL-17.3 (30.03.2023 11.49) on WINDOWS (J:21 FX:20)
02:50:36.343 [JavaFX Application Thread] DEBUG Engine               - JRE Vendor Name: Oracle Corporation
02:50:36.343 [JavaFX Application Thread] DEBUG Engine               - Running on OS: Windows 10 version 10.0
02:50:36.344 [JavaFX Application Thread] DEBUG Engine               - Architecture: amd64
02:50:36.344 [JavaFX Application Thread] INFO  Engine               - Source code and latest versions at: https://github.com/AlmasB/FXGL
02:50:36.344 [JavaFX Application Thread] INFO  Engine               -       Ask questions and discuss at: https://github.com/AlmasB/FXGL/discussions
02:50:36.344 [JavaFX Application Thread] INFO  Engine               -              Join the FXGL chat at: https://gitter.im/AlmasB/FXGL
02:50:36.455 [JavaFX Application Thread] DEBUG PrimaryStageWindow   - Creating a JavaFX scene
02:50:36.504 [JavaFX Application Thread] DEBUG PrimaryStageWindow   - Target settings size: 500.0 x 750.0
02:50:36.504 [JavaFX Application Thread] DEBUG PrimaryStageWindow   - Scaled scene size:    500.0 x 750.0
02:50:36.505 [JavaFX Application Thread] DEBUG PrimaryStageWindow   - Scaled ratio: (1.0, 1.0)
02:50:36.506 [JavaFX Application Thread] DEBUG PrimaryStageWindow   - Set initial scene to FXGLStartupScene
02:50:36.509 [JavaFX Application Thread] DEBUG PrimaryStageWindow   - Opening main window
02:50:36.573 [JavaFX Application Thread] DEBUG PrimaryStageWindow   - Window border size: (16.0, 39.0)
02:50:36.574 [JavaFX Application Thread] DEBUG PrimaryStageWindow   - Scaled size: 500.0 x 750.0
02:50:36.574 [JavaFX Application Thread] DEBUG PrimaryStageWindow   - Scaled ratio: (1.0, 1.0)
02:50:36.574 [JavaFX Application Thread] DEBUG PrimaryStageWindow   - Scene size: 500.0 x 750.0
02:50:36.574 [JavaFX Application Thread] DEBUG PrimaryStageWindow   - Stage size: 516.0 x 789.0
02:50:36.580 [FXGL Background Thread 1 ] DEBUG Engine               - Initializing environment variables
02:50:36.626 [FXGL Background Thread 1 ] DEBUG FXGLAssetLoaderServi - User app class for loading assets: class com.asher.scdpixelquest.PixelQuestApp
02:50:36.626 [FXGL Background Thread 1 ] DEBUG GameApplicationServi - Applying CSS: fxgl_dark.css
02:50:36.627 [FXGL Background Thread 1 ] DEBUG FXGLAssetLoaderServi - Loading from file system: jar:file:/C:/Users/Asher%20Siddique/.m2/repository/com/github/almasb/fxgl/17.3/fxgl-17.3.jar!/fxglassets/ui/css/fxgl_dark.css
02:50:36.664 [FXGL Background Thread 1 ] DEBUG GameApplicationServi - Initializing application scenes
02:50:36.975 [FXGL Background Thread 1 ] DEBUG GameWorld            - Game world initialized
02:50:37.033 [FXGL Background Thread 1 ] DEBUG PhysicsWorld         - Physics world initialized: appHeight=750, physics.ppm=50.0
02:50:37.034 [FXGL Background Thread 1 ] DEBUG PhysicsWorld         - Using strategy: BRUTE_FORCE
02:50:37.038 [FXGL Background Thread 1 ] DEBUG GameScene            - Game scene initialized: 500x750
02:50:37.096 [FXGL Background Thread 1 ] WARN  FXGL.DefaultMenu     - FXGLDefaultMenu is not designed for resolutions < 800x600
02:50:37.096 [FXGL Background Thread 1 ] DEBUG FXGL.DefaultMenu     - createMenuBodyGameMenu()
02:50:37.111 [FXGL Background Thread 1 ] DEBUG FXGL.DefaultMenu     - createOptionsMenu()
02:50:37.117 [FXGL Background Thread 1 ] DEBUG FXGLAssetLoaderServi - Loading from file system: jar:file:/C:/Users/Asher%20Siddique/.m2/repository/com/github/almasb/fxgl/17.3/fxgl-17.3.jar!/fxglassets/textures/particles/smoke.png
02:50:37.195 [FXGL Background Thread 1 ] DEBUG FXGLAssetLoaderServi - Loading from file system: jar:file:/C:/Users/Asher%20Siddique/.m2/repository/com/github/almasb/fxgl/17.3/fxgl-17.3.jar!/fxglassets/textures/particles/trace_horizontal.png
02:50:37.214 [FXGL Background Thread 1 ] DEBUG GameApplicationServi - Application scenes initialized
02:50:37.225 [FXGL Background Thread 1 ] DEBUG SystemBundleService  - Loading FXGL system data
02:50:37.228 [FXGL Background Thread 1 ] DEBUG FileSystemAccess     - Reading from: C:\Users\Asher Siddique\Desktop\Asteroids\system\fxgl.bundle
02:50:37.236 [FXGL Background Thread 1 ] DEBUG SystemBundleService  - Bundle FXGL: {}
02:50:37.236 [FXGL Background Thread 1 ] DEBUG UpdaterService       - Checking for updates
02:50:37.240 [FXGL Background Thread 4 ] DEBUG FXGLApplication      - Loading fonts
02:50:37.241 [FXGL Background Thread 4 ] DEBUG FXGLAssetLoaderServi - Loading from file system: jar:file:/C:/Users/Asher%20Siddique/.m2/repository/com/github/almasb/fxgl/17.3/fxgl-17.3.jar!/fxglassets/ui/fonts/VarelaRound-Regular.ttf
02:50:37.241 [FXGL Background Thread 1 ] DEBUG FXGLApplication      - Loading default localization
02:50:37.242 [FXGL Background Thread 1 ] DEBUG FXGLAssetLoaderServi - Loading from file system: jar:file:/C:/Users/Asher%20Siddique/.m2/repository/com/github/almasb/fxgl/17.3/fxgl-17.3.jar!/fxglassets/languages/english.lang
02:50:37.263 [FXGL Background Thread 1 ] INFO  FXGLApplication      - FXGL initialization took: 0.683 sec
02:50:37.273 [JavaFX Application Thread] DEBUG Input                - Registered new binding: action0 - A
02:50:37.273 [JavaFX Application Thread] DEBUG Input                - Registered new binding: action1 - D
02:50:37.274 [FXGL Background Thread 4 ] DEBUG FXGLAssetLoaderServi - Loading from file system: jar:file:/C:/Users/Asher%20Siddique/.m2/repository/com/github/almasb/fxgl/17.3/fxgl-17.3.jar!/fxglassets/ui/fonts/Abel-Regular.ttf
02:50:37.274 [JavaFX Application Thread] DEBUG Input                - Registered new binding: action2 - W
02:50:37.274 [JavaFX Application Thread] DEBUG Input                - Registered new binding: action3 - S
02:50:37.275 [JavaFX Application Thread] DEBUG Input                - Registered new binding: action4 - Space
02:50:37.276 [JavaFX Application Thread] DEBUG Input                - Registered new binding: action5 - G
02:50:37.276 [JavaFX Application Thread] DEBUG FXGLAssetLoaderServi - Loading from file system: jar:file:/C:/Users/Asher%20Siddique/.m2/repository/com/github/almasb/fxgl/17.3/fxgl-17.3.jar!/fxglassets/textures/fxgl_icon.png
02:50:37.278 [FXGL Background Thread 4 ] DEBUG FXGLAssetLoaderServi - Loading from file system: jar:file:/C:/Users/Asher%20Siddique/.m2/repository/com/github/almasb/fxgl/17.3/fxgl-17.3.jar!/fxglassets/ui/fonts/TerminalLandMono-Regular.otf
02:50:37.281 [FXGL Background Thread 4 ] DEBUG FXGLAssetLoaderServi - Loading from file system: jar:file:/C:/Users/Asher%20Siddique/.m2/repository/com/github/almasb/fxgl/17.3/fxgl-17.3.jar!/fxglassets/ui/fonts/Courier-Prime.ttf
02:50:37.291 [JavaFX Application Thread] DEBUG FXGLAssetLoaderServi - Loading from file system: jar:file:/C:/Users/Asher%20Siddique/.m2/repository/com/github/almasb/fxgl/17.3/fxgl-17.3.jar!/fxglassets/textures/fxgl_default_cursor.png
02:50:37.293 [JavaFX Application Thread] DEBUG Input                - Registered new binding: Screenshot - CTRL+8
02:50:37.294 [JavaFX Application Thread] DEBUG Input                - Registered new binding: System info dump - CTRL+9
02:50:37.294 [JavaFX Application Thread] DEBUG Input                - Registered new binding: Restart - CTRL+R
02:50:37.295 [JavaFX Application Thread] DEBUG Input                - Registered new binding: Toggle Debug Camera - CTRL+7
02:50:37.297 [JavaFX Application Thread] DEBUG LoopRunner           - Starting loop
02:50:37.298 [JavaFX Application Thread] DEBUG LoopRunner           - Initializing JavaFX AnimationTimerLoop
02:50:37.301 [JavaFX Application Thread] DEBUG Input                - Clearing active input actions
02:50:37.308 [JavaFX Application Thread] DEBUG GameApplicationServi - Removing overlay from FXGLStartupScene and adding to FXGLMainMenuDummyScene
02:50:37.308 [JavaFX Application Thread] DEBUG PrimaryStageWindow   - FXGLStartupScene -> FXGLMainMenuDummyScene
02:50:37.308 [JavaFX Application Thread] DEBUG PrimaryStageWindow   - Push state: PixelQuestMainMenu
02:50:37.308 [JavaFX Application Thread] DEBUG Input                - Clearing active input actions
02:50:37.313 [JavaFX Application Thread] DEBUG GameApplicationServi - Removing overlay from FXGLMainMenuDummyScene and adding to PixelQuestMainMenu
02:50:37.314 [JavaFX Application Thread] DEBUG PrimaryStageWindow   - FXGLMainMenuDummyScene -> PixelQuestMainMenu
02:50:37.314 [JavaFX Application Thread] DEBUG FXGLApplication      - Registering font factories with UI factory
02:50:37.519 [JavaFX Application Thread] DEBUG FXGLApplication      - Exiting FXGL
02:50:37.519 [JavaFX Application Thread] DEBUG LoopRunner           - Stopping loop
02:50:37.519 [JavaFX Application Thread] DEBUG SystemBundleService  - Saving FXGL system data
02:50:37.522 [JavaFX Application Thread] DEBUG FileSystemAccess     - Writing to: C:\Users\Asher Siddique\Desktop\Asteroids\system\fxgl.bundle
02:50:37.524 [JavaFX Application Thread] DEBUG Async                - Shutting down background threads
02:50:37.524 [JavaFX Application Thread] DEBUG PrimaryStageWindow   - Closing main window
02:50:37.532 [JavaFX Application Thread] DEBUG Logger               - Closing Logger
