02:53:38.129 [main                     ] DEBUG Logger               - Configured Logger
02:53:38.149 [main                     ] DEBUG GameApplication      - Logging settings
Title: PixelQuest
Version: 0.1
Width: 500
Height: 750
Fullscreen: false
Intro: false
Profiling: false
Single step:false
App Mode: DEVELOPER
Menu Key: ESCAPE
Stage Style: DECORATED
Scene Factory: class com.asher.scdpixelquest.PixelQuestApp$1

02:53:38.673 [JavaFX Application Thread] DEBUG FXGLApplication      - Initializing FXGL
02:53:38.677 [JavaFX Application Thread] INFO  Engine               - FXGL-17.3 (30.03.2023 11.49) on WINDOWS (J:21 FX:20)
02:53:38.677 [JavaFX Application Thread] DEBUG Engine               - JRE Vendor Name: Oracle Corporation
02:53:38.677 [JavaFX Application Thread] DEBUG Engine               - Running on OS: Windows 10 version 10.0
02:53:38.678 [JavaFX Application Thread] DEBUG Engine               - Architecture: amd64
02:53:38.678 [JavaFX Application Thread] INFO  Engine               - Source code and latest versions at: https://github.com/AlmasB/FXGL
02:53:38.678 [JavaFX Application Thread] INFO  Engine               -       Ask questions and discuss at: https://github.com/AlmasB/FXGL/discussions
02:53:38.678 [JavaFX Application Thread] INFO  Engine               -              Join the FXGL chat at: https://gitter.im/AlmasB/FXGL
02:53:38.789 [JavaFX Application Thread] DEBUG PrimaryStageWindow   - Creating a JavaFX scene
02:53:38.843 [JavaFX Application Thread] DEBUG PrimaryStageWindow   - Target settings size: 500.0 x 750.0
02:53:38.844 [JavaFX Application Thread] DEBUG PrimaryStageWindow   - Scaled scene size:    500.0 x 750.0
02:53:38.844 [JavaFX Application Thread] DEBUG PrimaryStageWindow   - Scaled ratio: (1.0, 1.0)
02:53:38.846 [JavaFX Application Thread] DEBUG PrimaryStageWindow   - Set initial scene to FXGLStartupScene
02:53:38.854 [JavaFX Application Thread] DEBUG PrimaryStageWindow   - Opening main window
02:53:38.919 [JavaFX Application Thread] DEBUG PrimaryStageWindow   - Window border size: (16.0, 39.0)
02:53:38.919 [JavaFX Application Thread] DEBUG PrimaryStageWindow   - Scaled size: 500.0 x 750.0
02:53:38.920 [JavaFX Application Thread] DEBUG PrimaryStageWindow   - Scaled ratio: (1.0, 1.0)
02:53:38.920 [JavaFX Application Thread] DEBUG PrimaryStageWindow   - Scene size: 500.0 x 750.0
02:53:38.920 [JavaFX Application Thread] DEBUG PrimaryStageWindow   - Stage size: 516.0 x 789.0
02:53:38.925 [FXGL Background Thread 1 ] DEBUG Engine               - Initializing environment variables
02:53:38.975 [FXGL Background Thread 1 ] DEBUG FXGLAssetLoaderServi - User app class for loading assets: class com.asher.scdpixelquest.PixelQuestApp
02:53:38.976 [FXGL Background Thread 1 ] DEBUG GameApplicationServi - Applying CSS: fxgl_dark.css
02:53:38.976 [FXGL Background Thread 1 ] DEBUG FXGLAssetLoaderServi - Loading from file system: jar:file:/C:/Users/Asher%20Siddique/.m2/repository/com/github/almasb/fxgl/17.3/fxgl-17.3.jar!/fxglassets/ui/css/fxgl_dark.css
02:53:39.018 [FXGL Background Thread 1 ] DEBUG GameApplicationServi - Initializing application scenes
02:53:39.320 [FXGL Background Thread 1 ] DEBUG GameWorld            - Game world initialized
02:53:39.369 [FXGL Background Thread 1 ] DEBUG PhysicsWorld         - Physics world initialized: appHeight=750, physics.ppm=50.0
02:53:39.369 [FXGL Background Thread 1 ] DEBUG PhysicsWorld         - Using strategy: BRUTE_FORCE
02:53:39.373 [FXGL Background Thread 1 ] DEBUG GameScene            - Game scene initialized: 500x750
02:53:39.427 [FXGL Background Thread 1 ] WARN  FXGL.DefaultMenu     - FXGLDefaultMenu is not designed for resolutions < 800x600
02:53:39.427 [FXGL Background Thread 1 ] DEBUG FXGL.DefaultMenu     - createMenuBodyGameMenu()
02:53:39.441 [FXGL Background Thread 1 ] DEBUG FXGL.DefaultMenu     - createOptionsMenu()
02:53:39.448 [FXGL Background Thread 1 ] DEBUG FXGLAssetLoaderServi - Loading from file system: jar:file:/C:/Users/Asher%20Siddique/.m2/repository/com/github/almasb/fxgl/17.3/fxgl-17.3.jar!/fxglassets/textures/particles/smoke.png
02:53:39.523 [FXGL Background Thread 1 ] DEBUG FXGLAssetLoaderServi - Loading from file system: jar:file:/C:/Users/Asher%20Siddique/.m2/repository/com/github/almasb/fxgl/17.3/fxgl-17.3.jar!/fxglassets/textures/particles/trace_horizontal.png
02:53:39.547 [FXGL Background Thread 1 ] DEBUG GameApplicationServi - Application scenes initialized
02:53:39.559 [FXGL Background Thread 1 ] DEBUG SystemBundleService  - Loading FXGL system data
02:53:39.562 [FXGL Background Thread 1 ] DEBUG FileSystemAccess     - Reading from: C:\Users\Asher Siddique\Desktop\Asteroids\system\fxgl.bundle
02:53:39.569 [FXGL Background Thread 1 ] DEBUG SystemBundleService  - Bundle FXGL: {}
02:53:39.570 [FXGL Background Thread 1 ] DEBUG UpdaterService       - Checking for updates
02:53:39.574 [FXGL Background Thread 4 ] DEBUG FXGLApplication      - Loading fonts
02:53:39.575 [FXGL Background Thread 1 ] DEBUG FXGLApplication      - Loading default localization
02:53:39.575 [FXGL Background Thread 4 ] DEBUG FXGLAssetLoaderServi - Loading from file system: jar:file:/C:/Users/Asher%20Siddique/.m2/repository/com/github/almasb/fxgl/17.3/fxgl-17.3.jar!/fxglassets/ui/fonts/VarelaRound-Regular.ttf
02:53:39.575 [FXGL Background Thread 1 ] DEBUG FXGLAssetLoaderServi - Loading from file system: jar:file:/C:/Users/Asher%20Siddique/.m2/repository/com/github/almasb/fxgl/17.3/fxgl-17.3.jar!/fxglassets/languages/english.lang
02:53:39.597 [FXGL Background Thread 1 ] INFO  FXGLApplication      - FXGL initialization took: 0.672 sec
02:53:39.610 [JavaFX Application Thread] DEBUG Input                - Registered new binding: action0 - A
02:53:39.610 [JavaFX Application Thread] DEBUG Input                - Registered new binding: action1 - D
02:53:39.611 [JavaFX Application Thread] DEBUG Input                - Registered new binding: action2 - W
02:53:39.611 [JavaFX Application Thread] DEBUG Input                - Registered new binding: action3 - S
02:53:39.611 [FXGL Background Thread 4 ] DEBUG FXGLAssetLoaderServi - Loading from file system: jar:file:/C:/Users/Asher%20Siddique/.m2/repository/com/github/almasb/fxgl/17.3/fxgl-17.3.jar!/fxglassets/ui/fonts/Abel-Regular.ttf
02:53:39.611 [JavaFX Application Thread] DEBUG Input                - Registered new binding: action4 - Space
02:53:39.611 [JavaFX Application Thread] DEBUG Input                - Registered new binding: action5 - G
02:53:39.611 [JavaFX Application Thread] DEBUG FXGLAssetLoaderServi - Loading from file system: jar:file:/C:/Users/Asher%20Siddique/.m2/repository/com/github/almasb/fxgl/17.3/fxgl-17.3.jar!/fxglassets/textures/fxgl_icon.png
02:53:39.614 [FXGL Background Thread 4 ] DEBUG FXGLAssetLoaderServi - Loading from file system: jar:file:/C:/Users/Asher%20Siddique/.m2/repository/com/github/almasb/fxgl/17.3/fxgl-17.3.jar!/fxglassets/ui/fonts/TerminalLandMono-Regular.otf
02:53:39.619 [FXGL Background Thread 4 ] DEBUG FXGLAssetLoaderServi - Loading from file system: jar:file:/C:/Users/Asher%20Siddique/.m2/repository/com/github/almasb/fxgl/17.3/fxgl-17.3.jar!/fxglassets/ui/fonts/Courier-Prime.ttf
02:53:39.624 [JavaFX Application Thread] DEBUG FXGLAssetLoaderServi - Loading from file system: jar:file:/C:/Users/Asher%20Siddique/.m2/repository/com/github/almasb/fxgl/17.3/fxgl-17.3.jar!/fxglassets/textures/fxgl_default_cursor.png
02:53:39.626 [JavaFX Application Thread] DEBUG Input                - Registered new binding: Screenshot - CTRL+8
02:53:39.627 [JavaFX Application Thread] DEBUG Input                - Registered new binding: System info dump - CTRL+9
02:53:39.628 [JavaFX Application Thread] DEBUG Input                - Registered new binding: Restart - CTRL+R
02:53:39.628 [JavaFX Application Thread] DEBUG Input                - Registered new binding: Toggle Debug Camera - CTRL+7
02:53:39.632 [JavaFX Application Thread] DEBUG LoopRunner           - Starting loop
02:53:39.632 [JavaFX Application Thread] DEBUG LoopRunner           - Initializing JavaFX AnimationTimerLoop
02:53:39.635 [JavaFX Application Thread] DEBUG Input                - Clearing active input actions
02:53:39.643 [JavaFX Application Thread] DEBUG GameApplicationServi - Removing overlay from FXGLStartupScene and adding to FXGLMainMenuDummyScene
02:53:39.645 [JavaFX Application Thread] DEBUG PrimaryStageWindow   - FXGLStartupScene -> FXGLMainMenuDummyScene
02:53:39.645 [JavaFX Application Thread] DEBUG PrimaryStageWindow   - Push state: PixelQuestMainMenu
02:53:39.645 [JavaFX Application Thread] DEBUG Input                - Clearing active input actions
02:53:39.649 [JavaFX Application Thread] DEBUG GameApplicationServi - Removing overlay from FXGLMainMenuDummyScene and adding to PixelQuestMainMenu
02:53:39.650 [JavaFX Application Thread] DEBUG PrimaryStageWindow   - FXGLMainMenuDummyScene -> PixelQuestMainMenu
02:53:39.652 [JavaFX Application Thread] DEBUG FXGLApplication      - Registering font factories with UI factory
02:53:40.235 [JavaFX Application Thread] DEBUG Menu                 - fireNewGame()
02:53:40.235 [JavaFX Application Thread] DEBUG GameApplicationServi - Starting new game
02:53:40.235 [JavaFX Application Thread] DEBUG PrimaryStageWindow   - Pop state: PixelQuestMainMenu
02:53:40.235 [JavaFX Application Thread] DEBUG Input                - Clearing active input actions
02:53:40.235 [JavaFX Application Thread] DEBUG GameApplicationServi - Removing overlay from PixelQuestMainMenu and adding to FXGLMainMenuDummyScene
02:53:40.237 [JavaFX Application Thread] DEBUG PrimaryStageWindow   - FXGLMainMenuDummyScene <- PixelQuestMainMenu
02:53:40.237 [JavaFX Application Thread] DEBUG Input                - Clearing active input actions
02:53:40.244 [JavaFX Application Thread] DEBUG GameApplicationServi - Removing overlay from FXGLMainMenuDummyScene and adding to FXGLLoadingScene
02:53:40.245 [JavaFX Application Thread] DEBUG PrimaryStageWindow   - FXGLMainMenuDummyScene -> FXGLLoadingScene
02:53:40.245 [JavaFX Application Thread] DEBUG GameApplicationServi - Clearing previous game
02:53:40.245 [JavaFX Application Thread] DEBUG GameScene            - Clearing game scene
02:53:40.245 [JavaFX Application Thread] DEBUG GameWorld            - Clearing game world
02:53:40.245 [JavaFX Application Thread] DEBUG PhysicsWorld         - Clearing physics world
02:53:40.248 [FXGL Background Thread 4 ] DEBUG FXGLApplication      - Initializing game
02:53:40.262 [FXGL Background Thread 4 ] DEBUG FXGLAssetLoaderServi - Loading from file system: file:/C:/Users/Asher%20Siddique/Desktop/Asteroids/target/classes/assets/textures/abc.png
02:53:40.282 [FXGL Background Thread 4 ] DEBUG FXGLAssetLoaderServi - Loading from file system: file:/C:/Users/Asher%20Siddique/Desktop/Asteroids/target/classes/assets/textures/player.png
02:53:40.298 [FXGL Background Thread 4 ] INFO  FXGLApplication      - Game initialization took: 0.050 sec
02:53:40.340 [JavaFX Application Thread] DEBUG Input                - Clearing active input actions
02:53:40.347 [JavaFX Application Thread] DEBUG GameApplicationServi - Removing overlay from FXGLLoadingScene and adding to GameScene
02:53:40.347 [JavaFX Application Thread] DEBUG PrimaryStageWindow   - FXGLLoadingScene -> GameScene
02:53:42.299 [JavaFX Application Thread] DEBUG FXGLAssetLoaderServi - Loading from file system: file:/C:/Users/Asher%20Siddique/Desktop/Asteroids/target/classes/assets/textures/asteroid.png
02:53:42.574 [FXGL Background Thread 3 ] DEBUG Engine               - Logging environment variables
02:53:42.574 [FXGL Background Thread 3 ] DEBUG Engine               - achievements: []
02:53:42.574 [FXGL Background Thread 3 ] DEBUG Engine               - actualHeight: 750.0
02:53:42.574 [FXGL Background Thread 3 ] DEBUG Engine               - actualHeightProperty: ReadOnlyDoubleProperty [value: 750.0]
02:53:42.574 [FXGL Background Thread 3 ] DEBUG Engine               - actualWidth: 500.0
02:53:42.575 [FXGL Background Thread 3 ] DEBUG Engine               - actualWidthProperty: ReadOnlyDoubleProperty [value: 500.0]
02:53:42.575 [FXGL Background Thread 3 ] DEBUG Engine               - appIcon: fxgl_icon.png
02:53:42.575 [FXGL Background Thread 3 ] DEBUG Engine               - applicationMode: DEVELOPER
02:53:42.575 [FXGL Background Thread 3 ] DEBUG Engine               - cSSList: [fxgl_dark.css]
02:53:42.575 [FXGL Background Thread 3 ] DEBUG Engine               - collisionDetectionStrategy: BRUTE_FORCE
02:53:42.575 [FXGL Background Thread 3 ] DEBUG Engine               - configClass: Optional.empty
02:53:42.575 [FXGL Background Thread 3 ] DEBUG Engine               - credits: []
02:53:42.575 [FXGL Background Thread 3 ] DEBUG Engine               - defaultCursor: CursorInfo(imageName=fxgl_default_cursor.png, hotspotX=7.0, hotspotY=6.0)
02:53:42.575 [FXGL Background Thread 3 ] DEBUG Engine               - devBBoxColorProperty: ObjectProperty [value: 0xff0000ff]
02:53:42.575 [FXGL Background Thread 3 ] DEBUG Engine               - devEnableDebugCameraProperty: BooleanProperty [value: false]
02:53:42.576 [FXGL Background Thread 3 ] DEBUG Engine               - devSensorColorProperty: ObjectProperty [value: 0xffff00ff]
02:53:42.576 [FXGL Background Thread 3 ] DEBUG Engine               - devShowBBoxProperty: BooleanProperty [value: false]
02:53:42.576 [FXGL Background Thread 3 ] DEBUG Engine               - devShowPositionProperty: BooleanProperty [value: false]
02:53:42.576 [FXGL Background Thread 3 ] DEBUG Engine               - enabledMenuItems: []
02:53:42.576 [FXGL Background Thread 3 ] DEBUG Engine               - engineServices: [class com.almasb.fxgl.app.services.FXGLAssetLoaderService, class com.almasb.fxgl.app.FXGLApplication$GameApplicationService, class com.almasb.fxgl.app.services.FXGLDialogService, class com.almasb.fxgl.app.services.IOTaskExecutorService, class com.almasb.fxgl.io.FileSystemService, class com.almasb.fxgl.localization.LocalizationService, class com.almasb.fxgl.app.services.SystemBundleService, class com.almasb.fxgl.profile.SaveLoadService, class com.almasb.fxgl.ui.FXGLUIFactoryServiceProvider, class com.almasb.fxgl.ui.FXGLDialogFactoryServiceProvider, class com.almasb.fxgl.audio.AudioPlayer, class com.almasb.fxgl.notification.impl.NotificationServiceProvider, class com.almasb.fxgl.achievement.AchievementService, class com.almasb.fxgl.cutscene.CutsceneService, class com.almasb.fxgl.minigames.MiniGameService, class com.almasb.fxgl.net.NetService, class com.almasb.fxgl.app.services.UpdaterService, class com.almasb.fxgl.dev.DevService]
02:53:42.576 [FXGL Background Thread 3 ] DEBUG Engine               - fontGame: Abel-Regular.ttf
02:53:42.576 [FXGL Background Thread 3 ] DEBUG Engine               - fontMono: TerminalLandMono-Regular.otf
02:53:42.576 [FXGL Background Thread 3 ] DEBUG Engine               - fontSizeScaleUI: 1.0
02:53:42.576 [FXGL Background Thread 3 ] DEBUG Engine               - fontText: Courier-Prime.ttf
02:53:42.576 [FXGL Background Thread 3 ] DEBUG Engine               - fontUI: VarelaRound-Regular.ttf
02:53:42.576 [FXGL Background Thread 3 ] DEBUG Engine               - fullScreen: BooleanProperty [value: false]
02:53:42.576 [FXGL Background Thread 3 ] DEBUG Engine               - gameDifficulty: MEDIUM
02:53:42.576 [FXGL Background Thread 3 ] DEBUG Engine               - gameDifficultyProperty: ObjectProperty [value: MEDIUM]
02:53:42.576 [FXGL Background Thread 3 ] DEBUG Engine               - globalMusicVolume: 0.5
02:53:42.576 [FXGL Background Thread 3 ] DEBUG Engine               - globalMusicVolumeProperty: DoubleProperty [value: 0.5]
02:53:42.577 [FXGL Background Thread 3 ] DEBUG Engine               - globalSoundVolume: 0.5
02:53:42.577 [FXGL Background Thread 3 ] DEBUG Engine               - globalSoundVolumeProperty: DoubleProperty [value: 0.1]
02:53:42.577 [FXGL Background Thread 3 ] DEBUG Engine               - height: 750
02:53:42.577 [FXGL Background Thread 3 ] DEBUG Engine               - is3D: false
02:53:42.577 [FXGL Background Thread 3 ] DEBUG Engine               - isAndroid: false
02:53:42.577 [FXGL Background Thread 3 ] DEBUG Engine               - isBrowser: false
02:53:42.577 [FXGL Background Thread 3 ] DEBUG Engine               - isClickFeedbackEnabled: false
02:53:42.577 [FXGL Background Thread 3 ] DEBUG Engine               - isCloseConfirmation: false
02:53:42.577 [FXGL Background Thread 3 ] DEBUG Engine               - isDesktop: true
02:53:42.577 [FXGL Background Thread 3 ] DEBUG Engine               - isDeveloperMenuEnabled: false
02:53:42.577 [FXGL Background Thread 3 ] DEBUG Engine               - isEmbedded: false
02:53:42.577 [FXGL Background Thread 3 ] DEBUG Engine               - isEntityPreloadEnabled: true
02:53:42.577 [FXGL Background Thread 3 ] DEBUG Engine               - isExperimentalTiledLargeMap: false
02:53:42.578 [FXGL Background Thread 3 ] DEBUG Engine               - isFileSystemWriteAllowed: true
02:53:42.578 [FXGL Background Thread 3 ] DEBUG Engine               - isFullScreenAllowed: false
02:53:42.578 [FXGL Background Thread 3 ] DEBUG Engine               - isFullScreenFromStart: false
02:53:42.578 [FXGL Background Thread 3 ] DEBUG Engine               - isGameMenuEnabled: true
02:53:42.578 [FXGL Background Thread 3 ] DEBUG Engine               - isIOS: false
02:53:42.578 [FXGL Background Thread 3 ] DEBUG Engine               - isIntroEnabled: false
02:53:42.578 [FXGL Background Thread 3 ] DEBUG Engine               - isLinux: false
02:53:42.578 [FXGL Background Thread 3 ] DEBUG Engine               - isMac: false
02:53:42.578 [FXGL Background Thread 3 ] DEBUG Engine               - isMainMenuEnabled: true
02:53:42.578 [FXGL Background Thread 3 ] DEBUG Engine               - isManualResizeEnabled: false
02:53:42.578 [FXGL Background Thread 3 ] DEBUG Engine               - isMobile: false
02:53:42.578 [FXGL Background Thread 3 ] DEBUG Engine               - isNative: false
02:53:42.578 [FXGL Background Thread 3 ] DEBUG Engine               - isPauseMusicWhenMinimized: true
02:53:42.578 [FXGL Background Thread 3 ] DEBUG Engine               - isPreserveResizeRatio: false
02:53:42.578 [FXGL Background Thread 3 ] DEBUG Engine               - isProfilingEnabled: false
02:53:42.578 [FXGL Background Thread 3 ] DEBUG Engine               - isScaleAffectedOnResize: true
02:53:42.580 [FXGL Background Thread 3 ] DEBUG Engine               - isSingleStep: false
02:53:42.580 [FXGL Background Thread 3 ] DEBUG Engine               - isUserProfileEnabled: false
02:53:42.580 [FXGL Background Thread 3 ] DEBUG Engine               - isWindows: true
02:53:42.580 [FXGL Background Thread 3 ] DEBUG Engine               - language: ObjectProperty [value: ENGLISH]
02:53:42.580 [FXGL Background Thread 3 ] DEBUG Engine               - menuKey: ESCAPE
02:53:42.580 [FXGL Background Thread 3 ] DEBUG Engine               - mouseSensitivity: 0.2
02:53:42.580 [FXGL Background Thread 3 ] DEBUG Engine               - notificationViewClass: class com.almasb.fxgl.notification.view.XboxNotificationView
02:53:42.580 [FXGL Background Thread 3 ] DEBUG Engine               - pixelsPerMeter: 50.0
02:53:42.580 [FXGL Background Thread 3 ] DEBUG Engine               - platform: WINDOWS
02:53:42.580 [FXGL Background Thread 3 ] DEBUG Engine               - prefHeightProperty: ReadOnlyDoubleProperty [value: 750.0]
02:53:42.580 [FXGL Background Thread 3 ] DEBUG Engine               - prefWidthProperty: ReadOnlyDoubleProperty [value: 500.0]
02:53:42.580 [FXGL Background Thread 3 ] DEBUG Engine               - profileDir: profiles/
02:53:42.580 [FXGL Background Thread 3 ] DEBUG Engine               - profileName: StringProperty [value: DEFAULT]
02:53:42.580 [FXGL Background Thread 3 ] DEBUG Engine               - randomSeed: -1
02:53:42.580 [FXGL Background Thread 3 ] DEBUG Engine               - runtimeInfo: RuntimeInfo(platform=WINDOWS, version=17.3, build=30.03.2023 11.49)
02:53:42.580 [FXGL Background Thread 3 ] DEBUG Engine               - saveFileExt: sav
02:53:42.580 [FXGL Background Thread 3 ] DEBUG Engine               - scaledHeightProp$fxgl: DoubleProperty [bound, value: 750.0]
02:53:42.580 [FXGL Background Thread 3 ] DEBUG Engine               - scaledWidthProp$fxgl: DoubleProperty [bound, value: 500.0]
02:53:42.580 [FXGL Background Thread 3 ] DEBUG Engine               - sceneFactory: com.asher.scdpixelquest.PixelQuestApp$1@62c6723f
02:53:42.580 [FXGL Background Thread 3 ] DEBUG Engine               - secondsIn24h: 60
02:53:42.580 [FXGL Background Thread 3 ] DEBUG Engine               - soundMenuBack: menu/back.wav
02:53:42.580 [FXGL Background Thread 3 ] DEBUG Engine               - soundMenuPress: menu/press.wav
02:53:42.580 [FXGL Background Thread 3 ] DEBUG Engine               - soundMenuSelect: menu/select.wav
02:53:42.580 [FXGL Background Thread 3 ] DEBUG Engine               - soundNotification: core/notification.wav
02:53:42.580 [FXGL Background Thread 3 ] DEBUG Engine               - stageStyle: DECORATED
02:53:42.580 [FXGL Background Thread 3 ] DEBUG Engine               - supportedLanguages: [ENGLISH, FRENCH, GERMAN, HUNGARIAN, RUSSIAN]
02:53:42.582 [FXGL Background Thread 3 ] DEBUG Engine               - ticksPerSecond: -1
02:53:42.582 [FXGL Background Thread 3 ] DEBUG Engine               - title: PixelQuest
02:53:42.582 [FXGL Background Thread 3 ] DEBUG Engine               - urlGithub: https://github.com/AlmasB/FXGL
02:53:42.582 [FXGL Background Thread 3 ] DEBUG Engine               - urlLeaderboard: http://fxgl-top.herokuapp.com/
02:53:42.582 [FXGL Background Thread 3 ] DEBUG Engine               - urlPOM: https://raw.githubusercontent.com/AlmasB/FXGL/release/README.md
02:53:42.582 [FXGL Background Thread 3 ] DEBUG Engine               - userAppClass: class com.asher.scdpixelquest.PixelQuestApp
02:53:42.582 [FXGL Background Thread 3 ] DEBUG Engine               - version: 0.1
02:53:42.582 [FXGL Background Thread 3 ] DEBUG Engine               - versionCheckDays: 7
02:53:42.582 [FXGL Background Thread 3 ] DEBUG Engine               - width: 500
02:53:42.582 [FXGL Background Thread 3 ] DEBUG Engine               - Logging services
02:53:42.582 [FXGL Background Thread 3 ] DEBUG Engine               - class com.almasb.fxgl.app.services.FXGLAssetLoaderService
02:53:42.582 [FXGL Background Thread 3 ] DEBUG Engine               - class com.almasb.fxgl.app.FXGLApplication$GameApplicationService
02:53:42.582 [FXGL Background Thread 3 ] DEBUG Engine               - class com.almasb.fxgl.app.services.FXGLDialogService
02:53:42.582 [FXGL Background Thread 3 ] DEBUG Engine               - class com.almasb.fxgl.app.services.IOTaskExecutorService
02:53:42.582 [FXGL Background Thread 3 ] DEBUG Engine               - class com.almasb.fxgl.io.FileSystemService
02:53:42.582 [FXGL Background Thread 3 ] DEBUG Engine               - class com.almasb.fxgl.localization.LocalizationService
02:53:42.582 [FXGL Background Thread 3 ] DEBUG Engine               - class com.almasb.fxgl.app.services.SystemBundleService
02:53:42.582 [FXGL Background Thread 3 ] DEBUG Engine               - class com.almasb.fxgl.profile.SaveLoadService
02:53:42.582 [FXGL Background Thread 3 ] DEBUG Engine               - class com.almasb.fxgl.ui.FXGLUIFactoryServiceProvider
02:53:42.582 [FXGL Background Thread 3 ] DEBUG Engine               - class com.almasb.fxgl.ui.FXGLDialogFactoryServiceProvider
02:53:42.582 [FXGL Background Thread 3 ] DEBUG Engine               - class com.almasb.fxgl.audio.AudioPlayer
02:53:42.582 [FXGL Background Thread 3 ] DEBUG Engine               - class com.almasb.fxgl.notification.impl.NotificationServiceProvider
02:53:42.582 [FXGL Background Thread 3 ] DEBUG Engine               - class com.almasb.fxgl.achievement.AchievementService
02:53:42.582 [FXGL Background Thread 3 ] DEBUG Engine               - class com.almasb.fxgl.cutscene.CutsceneService
02:53:42.582 [FXGL Background Thread 3 ] DEBUG Engine               - class com.almasb.fxgl.minigames.MiniGameService
02:53:42.582 [FXGL Background Thread 3 ] DEBUG Engine               - class com.almasb.fxgl.net.NetService
02:53:42.582 [FXGL Background Thread 3 ] DEBUG Engine               - class com.almasb.fxgl.app.services.UpdaterService
02:53:42.582 [FXGL Background Thread 3 ] DEBUG Engine               - class com.almasb.fxgl.dev.DevService
02:53:43.156 [JavaFX Application Thread] DEBUG FXGLAssetLoaderServi - Loading from file system: file:/C:/Users/Asher%20Siddique/Desktop/Asteroids/target/classes/assets/textures/bullet.png
02:53:44.166 [JavaFX Application Thread] DEBUG FXGLAssetLoaderServi - Loading from file system: file:/C:/Users/Asher%20Siddique/Desktop/Asteroids/target/classes/assets/sounds/explosion.wav
02:53:44.234 [JavaFX Application Thread] DEBUG FXGLAssetLoaderServi - Loading from file system: file:/C:/Users/Asher%20Siddique/Desktop/Asteroids/target/classes/assets/textures/explosion.png
02:53:45.398 [JavaFX Application Thread] DEBUG LoopRunner           - Stopping loop
02:53:45.399 [JavaFX Application Thread] FATAL FXGLApplication      - Uncaught Exception:
java.lang.IllegalArgumentException: Property with name 'GOD MODE!!!' does not exist in PropertyMap.
	at com.almasb.fxgl.dsl.FXGL$Companion.addVarText(FXGL.kt:734)
	at com.almasb.fxgl.dsl.FXGL.addVarText(FXGL.kt)
	at com.asher.scdpixelquest.PixelQuestApp.lambda$initInput$6(PixelQuestApp.java:71)
	at com.almasb.fxgl.dsl.FXGL$Companion$onKey$1.onAction(FXGL.kt:500)
	at com.almasb.fxgl.input.UserAction.action$fxgl_core(UserAction.kt:38)
	at com.almasb.fxgl.input.Input.update(Input.kt:288)
	at com.almasb.fxgl.scene.Scene.update(Scene.kt:103)
	at com.almasb.fxgl.app.MainWindow$update$1.invoke(MainWindow.kt:115)
	at com.almasb.fxgl.app.MainWindow$update$1.invoke(MainWindow.kt:115)
	at com.almasb.fxgl.core.fsm.StateMachine.runOnActiveStates(StateMachine.kt:69)
	at com.almasb.fxgl.app.MainWindow.update(MainWindow.kt:115)
	at com.almasb.fxgl.app.FXGLApplication$GameApplicationService.onUpdate(FXGLApplication.kt:426)
	at com.almasb.fxgl.app.Engine.loop(Engine.kt:134)
	at com.almasb.fxgl.app.Engine.access$loop(Engine.kt:24)
	at com.almasb.fxgl.app.Engine$loop$1.invoke(Engine.kt:28)
	at com.almasb.fxgl.app.Engine$loop$1.invoke(Engine.kt:28)
	at com.almasb.fxgl.app.LoopRunner.frame(LoopRunner.kt:103)
	at com.almasb.fxgl.app.LoopRunner.access$frame(LoopRunner.kt:23)
	at com.almasb.fxgl.app.LoopRunner$impl$2$1.onTick(LoopRunner.kt:57)
	at com.almasb.fxgl.app.AnimationTimerLoop$timer$1.handle(LoopRunner.kt:137)
	at javafx.animation.AnimationTimer$AnimationTimerReceiver.lambda$handle$0(AnimationTimer.java:58)
	at java.base/java.security.AccessController.doPrivileged(AccessController.java:400)
	at javafx.animation.AnimationTimer$AnimationTimerReceiver.handle(AnimationTimer.java:57)
	at com.sun.scenario.animation.AbstractPrimaryTimer.timePulseImpl(AbstractPrimaryTimer.java:356)
	at com.sun.scenario.animation.AbstractPrimaryTimer$MainLoop.run(AbstractPrimaryTimer.java:266)
	at com.sun.javafx.tk.quantum.QuantumToolkit.pulse(QuantumToolkit.java:588)
	at com.sun.javafx.tk.quantum.QuantumToolkit.pulse(QuantumToolkit.java:572)
	at com.sun.javafx.tk.quantum.QuantumToolkit.pulseFromQueue(QuantumToolkit.java:565)
	at com.sun.javafx.tk.quantum.QuantumToolkit.lambda$runToolkit$11(QuantumToolkit.java:352)
	at com.sun.glass.ui.InvokeLaterDispatcher$Future.run(InvokeLaterDispatcher.java:95)
	at com.sun.glass.ui.win.WinApplication._runLoop(Native Method)
	at com.sun.glass.ui.win.WinApplication.lambda$runLoop$3(WinApplication.java:185)
	at java.base/java.lang.Thread.run(Thread.java:1583)

02:53:45.399 [JavaFX Application Thread] FATAL FXGLApplication      - Application will now exit
02:53:45.411 [JavaFX Application Thread] DEBUG PrimaryStageWindow   - Push state: ErrorSubScene
02:53:45.411 [JavaFX Application Thread] DEBUG Input                - Clearing active input actions
02:53:45.416 [JavaFX Application Thread] DEBUG GameApplicationServi - Removing overlay from GameScene and adding to ErrorSubScene
02:53:45.416 [JavaFX Application Thread] DEBUG PrimaryStageWindow   - GameScene -> ErrorSubScene
02:53:47.739 [JavaFX Application Thread] DEBUG FXGLApplication      - Exiting FXGL
02:53:47.740 [JavaFX Application Thread] DEBUG Async                - Shutting down background threads
02:53:47.740 [JavaFX Application Thread] DEBUG PrimaryStageWindow   - Closing main window
02:53:47.748 [JavaFX Application Thread] DEBUG Logger               - Closing Logger
