04:10:59.633 [main                     ] DEBUG Logger               - Configured Logger
04:10:59.654 [main                     ] DEBUG GameApplication      - Logging settings
Title: Asteroids
Version: 0.1
Width: 500
Height: 750
Fullscreen: false
Intro: false
Profiling: false
Single step:false
App Mode: DEVELOPER
Menu Key: ESCAPE
Stage Style: DECORATED
Scene Factory: class com.almasb.fxglgames.AsteroidsApp$1

04:11:00.252 [JavaFX Application Thread] DEBUG FXGLApplication      - Initializing FXGL
04:11:00.256 [JavaFX Application Thread] INFO  Engine               - FXGL-17.3 (30.03.2023 11.49) on WINDOWS (J:21 FX:20)
04:11:00.257 [JavaFX Application Thread] DEBUG Engine               - JRE Vendor Name: Oracle Corporation
04:11:00.257 [JavaFX Application Thread] DEBUG Engine               - Running on OS: Windows 10 version 10.0
04:11:00.257 [JavaFX Application Thread] DEBUG Engine               - Architecture: amd64
04:11:00.257 [JavaFX Application Thread] INFO  Engine               - Source code and latest versions at: https://github.com/AlmasB/FXGL
04:11:00.257 [JavaFX Application Thread] INFO  Engine               -       Ask questions and discuss at: https://github.com/AlmasB/FXGL/discussions
04:11:00.257 [JavaFX Application Thread] INFO  Engine               -              Join the FXGL chat at: https://gitter.im/AlmasB/FXGL
04:11:00.385 [JavaFX Application Thread] DEBUG PrimaryStageWindow   - Creating a JavaFX scene
04:11:00.434 [JavaFX Application Thread] DEBUG PrimaryStageWindow   - Target settings size: 500.0 x 750.0
04:11:00.434 [JavaFX Application Thread] DEBUG PrimaryStageWindow   - Scaled scene size:    500.0 x 750.0
04:11:00.434 [JavaFX Application Thread] DEBUG PrimaryStageWindow   - Scaled ratio: (1.0, 1.0)
04:11:00.435 [JavaFX Application Thread] DEBUG PrimaryStageWindow   - Set initial scene to FXGLStartupScene
04:11:00.438 [JavaFX Application Thread] DEBUG PrimaryStageWindow   - Opening main window
04:11:00.506 [JavaFX Application Thread] DEBUG PrimaryStageWindow   - Window border size: (16.0, 39.0)
04:11:00.506 [JavaFX Application Thread] DEBUG PrimaryStageWindow   - Scaled size: 500.0 x 750.0
04:11:00.506 [JavaFX Application Thread] DEBUG PrimaryStageWindow   - Scaled ratio: (1.0, 1.0)
04:11:00.507 [JavaFX Application Thread] DEBUG PrimaryStageWindow   - Scene size: 500.0 x 750.0
04:11:00.507 [JavaFX Application Thread] DEBUG PrimaryStageWindow   - Stage size: 516.0 x 789.0
04:11:00.512 [FXGL Background Thread 1 ] DEBUG Engine               - Initializing environment variables
04:11:00.557 [FXGL Background Thread 1 ] DEBUG FXGLAssetLoaderServi - User app class for loading assets: class com.almasb.fxglgames.AsteroidsApp
04:11:00.557 [FXGL Background Thread 1 ] DEBUG GameApplicationServi - Applying CSS: fxgl_dark.css
04:11:00.558 [FXGL Background Thread 1 ] DEBUG FXGLAssetLoaderServi - Loading from file system: jar:file:/C:/Users/Asher%20Siddique/.m2/repository/com/github/almasb/fxgl/17.3/fxgl-17.3.jar!/fxglassets/ui/css/fxgl_dark.css
04:11:00.592 [FXGL Background Thread 1 ] DEBUG GameApplicationServi - Initializing application scenes
04:11:00.904 [FXGL Background Thread 1 ] DEBUG GameWorld            - Game world initialized
04:11:00.963 [FXGL Background Thread 1 ] DEBUG PhysicsWorld         - Physics world initialized: appHeight=750, physics.ppm=50.0
04:11:00.963 [FXGL Background Thread 1 ] DEBUG PhysicsWorld         - Using strategy: BRUTE_FORCE
04:11:00.966 [FXGL Background Thread 1 ] DEBUG GameScene            - Game scene initialized: 500x750
04:11:00.979 [FXGL Background Thread 1 ] WARN  FXGL.DefaultMenu     - FXGLDefaultMenu is not designed for resolutions < 800x600
04:11:00.980 [FXGL Background Thread 1 ] DEBUG FXGL.DefaultMenu     - createMenuBodyGameMenu()
04:11:00.993 [FXGL Background Thread 1 ] DEBUG FXGL.DefaultMenu     - createOptionsMenu()
04:11:01.003 [FXGL Background Thread 1 ] DEBUG FXGLAssetLoaderServi - Loading from file system: jar:file:/C:/Users/Asher%20Siddique/.m2/repository/com/github/almasb/fxgl/17.3/fxgl-17.3.jar!/fxglassets/textures/particles/smoke.png
04:11:01.101 [FXGL Background Thread 1 ] DEBUG FXGLAssetLoaderServi - Loading from file system: jar:file:/C:/Users/Asher%20Siddique/.m2/repository/com/github/almasb/fxgl/17.3/fxgl-17.3.jar!/fxglassets/textures/particles/trace_horizontal.png
04:11:01.124 [FXGL Background Thread 1 ] DEBUG GameApplicationServi - Application scenes initialized
04:11:01.136 [FXGL Background Thread 1 ] DEBUG SystemBundleService  - Loading FXGL system data
04:11:01.139 [FXGL Background Thread 1 ] DEBUG FileSystemAccess     - Reading from: C:\Users\Asher Siddique\Desktop\Asteroids\system\fxgl.bundle
04:11:01.146 [FXGL Background Thread 1 ] DEBUG SystemBundleService  - Bundle FXGL: {}
04:11:01.146 [FXGL Background Thread 1 ] DEBUG UpdaterService       - Checking for updates
04:11:01.149 [FXGL Background Thread 4 ] DEBUG FXGLApplication      - Loading fonts
04:11:01.150 [FXGL Background Thread 4 ] DEBUG FXGLAssetLoaderServi - Loading from file system: jar:file:/C:/Users/Asher%20Siddique/.m2/repository/com/github/almasb/fxgl/17.3/fxgl-17.3.jar!/fxglassets/ui/fonts/VarelaRound-Regular.ttf
04:11:01.150 [FXGL Background Thread 1 ] DEBUG FXGLApplication      - Loading default localization
04:11:01.151 [FXGL Background Thread 1 ] DEBUG FXGLAssetLoaderServi - Loading from file system: jar:file:/C:/Users/Asher%20Siddique/.m2/repository/com/github/almasb/fxgl/17.3/fxgl-17.3.jar!/fxglassets/languages/english.lang
04:11:01.179 [FXGL Background Thread 1 ] INFO  FXGLApplication      - FXGL initialization took: 0.667 sec
04:11:01.189 [FXGL Background Thread 4 ] DEBUG FXGLAssetLoaderServi - Loading from file system: jar:file:/C:/Users/Asher%20Siddique/.m2/repository/com/github/almasb/fxgl/17.3/fxgl-17.3.jar!/fxglassets/ui/fonts/Abel-Regular.ttf
04:11:01.190 [JavaFX Application Thread] DEBUG Input                - Registered new binding: action0 - A
04:11:01.191 [JavaFX Application Thread] DEBUG Input                - Registered new binding: action1 - D
04:11:01.191 [JavaFX Application Thread] DEBUG Input                - Registered new binding: action2 - W
04:11:01.192 [JavaFX Application Thread] DEBUG Input                - Registered new binding: action3 - F
04:11:01.192 [JavaFX Application Thread] DEBUG FXGLAssetLoaderServi - Loading from file system: jar:file:/C:/Users/Asher%20Siddique/.m2/repository/com/github/almasb/fxgl/17.3/fxgl-17.3.jar!/fxglassets/textures/fxgl_icon.png
04:11:01.192 [FXGL Background Thread 4 ] DEBUG FXGLAssetLoaderServi - Loading from file system: jar:file:/C:/Users/Asher%20Siddique/.m2/repository/com/github/almasb/fxgl/17.3/fxgl-17.3.jar!/fxglassets/ui/fonts/TerminalLandMono-Regular.otf
04:11:01.196 [FXGL Background Thread 4 ] DEBUG FXGLAssetLoaderServi - Loading from file system: jar:file:/C:/Users/Asher%20Siddique/.m2/repository/com/github/almasb/fxgl/17.3/fxgl-17.3.jar!/fxglassets/ui/fonts/Courier-Prime.ttf
04:11:01.215 [JavaFX Application Thread] DEBUG FXGLAssetLoaderServi - Loading from file system: jar:file:/C:/Users/Asher%20Siddique/.m2/repository/com/github/almasb/fxgl/17.3/fxgl-17.3.jar!/fxglassets/textures/fxgl_default_cursor.png
04:11:01.217 [JavaFX Application Thread] DEBUG Input                - Registered new binding: Screenshot - CTRL+8
04:11:01.218 [JavaFX Application Thread] DEBUG Input                - Registered new binding: System info dump - CTRL+9
04:11:01.218 [JavaFX Application Thread] DEBUG Input                - Registered new binding: Restart - CTRL+R
04:11:01.219 [JavaFX Application Thread] DEBUG Input                - Registered new binding: Toggle Debug Camera - CTRL+7
04:11:01.222 [JavaFX Application Thread] DEBUG LoopRunner           - Starting loop
04:11:01.222 [JavaFX Application Thread] DEBUG LoopRunner           - Initializing JavaFX AnimationTimerLoop
04:11:01.225 [JavaFX Application Thread] DEBUG Input                - Clearing active input actions
04:11:01.230 [JavaFX Application Thread] DEBUG GameApplicationServi - Removing overlay from FXGLStartupScene and adding to FXGLMainMenuDummyScene
04:11:01.230 [JavaFX Application Thread] DEBUG PrimaryStageWindow   - FXGLStartupScene -> FXGLMainMenuDummyScene
04:11:01.231 [JavaFX Application Thread] DEBUG PrimaryStageWindow   - Push state: AsteroidsMainMenu
04:11:01.231 [JavaFX Application Thread] DEBUG Input                - Clearing active input actions
04:11:01.234 [JavaFX Application Thread] DEBUG GameApplicationServi - Removing overlay from FXGLMainMenuDummyScene and adding to AsteroidsMainMenu
04:11:01.234 [JavaFX Application Thread] DEBUG PrimaryStageWindow   - FXGLMainMenuDummyScene -> AsteroidsMainMenu
04:11:01.234 [JavaFX Application Thread] DEBUG FXGLApplication      - Registering font factories with UI factory
04:11:03.385 [JavaFX Application Thread] DEBUG FXGLApplication      - Exiting FXGL
04:11:03.385 [JavaFX Application Thread] DEBUG LoopRunner           - Stopping loop
04:11:03.386 [JavaFX Application Thread] DEBUG SystemBundleService  - Saving FXGL system data
04:11:03.387 [JavaFX Application Thread] DEBUG FileSystemAccess     - Writing to: C:\Users\Asher Siddique\Desktop\Asteroids\system\fxgl.bundle
04:11:03.390 [JavaFX Application Thread] DEBUG Async                - Shutting down background threads
04:11:03.390 [JavaFX Application Thread] DEBUG PrimaryStageWindow   - Closing main window
04:11:03.403 [JavaFX Application Thread] DEBUG Logger               - Closing Logger
