02:34:59.937 [main                     ] DEBUG Logger               - Configured Logger
02:34:59.957 [main                     ] DEBUG GameApplication      - Logging settings
Title: PixelQuest
Version: 0.1
Width: 500
Height: 750
Fullscreen: false
Intro: false
Profiling: false
Single step:false
App Mode: DEVELOPER
Menu Key: ESCAPE
Stage Style: DECORATED
Scene Factory: class com.asher.scdpixelquest.PixelQuestApp$1

02:35:00.471 [JavaFX Application Thread] DEBUG FXGLApplication      - Initializing FXGL
02:35:00.475 [JavaFX Application Thread] INFO  Engine               - FXGL-17.3 (30.03.2023 11.49) on WINDOWS (J:21 FX:20)
02:35:00.475 [JavaFX Application Thread] DEBUG Engine               - JRE Vendor Name: Oracle Corporation
02:35:00.476 [JavaFX Application Thread] DEBUG Engine               - Running on OS: Windows 10 version 10.0
02:35:00.476 [JavaFX Application Thread] DEBUG Engine               - Architecture: amd64
02:35:00.476 [JavaFX Application Thread] INFO  Engine               - Source code and latest versions at: https://github.com/AlmasB/FXGL
02:35:00.476 [JavaFX Application Thread] INFO  Engine               -       Ask questions and discuss at: https://github.com/AlmasB/FXGL/discussions
02:35:00.476 [JavaFX Application Thread] INFO  Engine               -              Join the FXGL chat at: https://gitter.im/AlmasB/FXGL
02:35:00.588 [JavaFX Application Thread] DEBUG PrimaryStageWindow   - Creating a JavaFX scene
02:35:00.638 [JavaFX Application Thread] DEBUG PrimaryStageWindow   - Target settings size: 500.0 x 750.0
02:35:00.638 [JavaFX Application Thread] DEBUG PrimaryStageWindow   - Scaled scene size:    500.0 x 750.0
02:35:00.638 [JavaFX Application Thread] DEBUG PrimaryStageWindow   - Scaled ratio: (1.0, 1.0)
02:35:00.639 [JavaFX Application Thread] DEBUG PrimaryStageWindow   - Set initial scene to FXGLStartupScene
02:35:00.642 [JavaFX Application Thread] DEBUG PrimaryStageWindow   - Opening main window
02:35:00.705 [JavaFX Application Thread] DEBUG PrimaryStageWindow   - Window border size: (16.0, 39.0)
02:35:00.705 [JavaFX Application Thread] DEBUG PrimaryStageWindow   - Scaled size: 500.0 x 750.0
02:35:00.706 [JavaFX Application Thread] DEBUG PrimaryStageWindow   - Scaled ratio: (1.0, 1.0)
02:35:00.706 [JavaFX Application Thread] DEBUG PrimaryStageWindow   - Scene size: 500.0 x 750.0
02:35:00.706 [JavaFX Application Thread] DEBUG PrimaryStageWindow   - Stage size: 516.0 x 789.0
02:35:00.711 [FXGL Background Thread 1 ] DEBUG Engine               - Initializing environment variables
02:35:00.756 [FXGL Background Thread 1 ] DEBUG FXGLAssetLoaderServi - User app class for loading assets: class com.asher.scdpixelquest.PixelQuestApp
02:35:00.756 [FXGL Background Thread 1 ] DEBUG GameApplicationServi - Applying CSS: fxgl_dark.css
02:35:00.757 [FXGL Background Thread 1 ] DEBUG FXGLAssetLoaderServi - Loading from file system: jar:file:/C:/Users/Asher%20Siddique/.m2/repository/com/github/almasb/fxgl/17.3/fxgl-17.3.jar!/fxglassets/ui/css/fxgl_dark.css
02:35:00.797 [FXGL Background Thread 1 ] DEBUG GameApplicationServi - Initializing application scenes
02:35:01.179 [FXGL Background Thread 1 ] DEBUG GameWorld            - Game world initialized
02:35:01.228 [FXGL Background Thread 1 ] DEBUG PhysicsWorld         - Physics world initialized: appHeight=750, physics.ppm=50.0
02:35:01.229 [FXGL Background Thread 1 ] DEBUG PhysicsWorld         - Using strategy: BRUTE_FORCE
02:35:01.233 [FXGL Background Thread 1 ] DEBUG GameScene            - Game scene initialized: 500x750
02:35:01.285 [FXGL Background Thread 1 ] WARN  FXGL.DefaultMenu     - FXGLDefaultMenu is not designed for resolutions < 800x600
02:35:01.285 [FXGL Background Thread 1 ] DEBUG FXGL.DefaultMenu     - createMenuBodyGameMenu()
02:35:01.302 [FXGL Background Thread 1 ] DEBUG FXGL.DefaultMenu     - createOptionsMenu()
02:35:01.310 [FXGL Background Thread 1 ] DEBUG FXGLAssetLoaderServi - Loading from file system: jar:file:/C:/Users/Asher%20Siddique/.m2/repository/com/github/almasb/fxgl/17.3/fxgl-17.3.jar!/fxglassets/textures/particles/smoke.png
02:35:01.401 [FXGL Background Thread 1 ] DEBUG FXGLAssetLoaderServi - Loading from file system: jar:file:/C:/Users/Asher%20Siddique/.m2/repository/com/github/almasb/fxgl/17.3/fxgl-17.3.jar!/fxglassets/textures/particles/trace_horizontal.png
02:35:01.423 [FXGL Background Thread 1 ] DEBUG GameApplicationServi - Application scenes initialized
02:35:01.435 [FXGL Background Thread 1 ] DEBUG SystemBundleService  - Loading FXGL system data
02:35:01.438 [FXGL Background Thread 1 ] DEBUG FileSystemAccess     - Reading from: C:\Users\Asher Siddique\Desktop\Asteroids\system\fxgl.bundle
02:35:01.445 [FXGL Background Thread 1 ] DEBUG SystemBundleService  - Bundle FXGL: {}
02:35:01.445 [FXGL Background Thread 1 ] DEBUG UpdaterService       - Checking for updates
02:35:01.450 [FXGL Background Thread 4 ] DEBUG FXGLApplication      - Loading fonts
02:35:01.451 [FXGL Background Thread 1 ] DEBUG FXGLApplication      - Loading default localization
02:35:01.451 [FXGL Background Thread 4 ] DEBUG FXGLAssetLoaderServi - Loading from file system: jar:file:/C:/Users/Asher%20Siddique/.m2/repository/com/github/almasb/fxgl/17.3/fxgl-17.3.jar!/fxglassets/ui/fonts/VarelaRound-Regular.ttf
02:35:01.451 [FXGL Background Thread 1 ] DEBUG FXGLAssetLoaderServi - Loading from file system: jar:file:/C:/Users/Asher%20Siddique/.m2/repository/com/github/almasb/fxgl/17.3/fxgl-17.3.jar!/fxglassets/languages/english.lang
02:35:01.471 [FXGL Background Thread 1 ] INFO  FXGLApplication      - FXGL initialization took: 0.759 sec
02:35:01.482 [JavaFX Application Thread] DEBUG Input                - Registered new binding: action0 - A
02:35:01.483 [JavaFX Application Thread] DEBUG Input                - Registered new binding: action1 - D
02:35:01.483 [JavaFX Application Thread] DEBUG Input                - Registered new binding: action2 - W
02:35:01.484 [JavaFX Application Thread] DEBUG Input                - Registered new binding: action3 - S
02:35:01.484 [JavaFX Application Thread] DEBUG Input                - Registered new binding: action4 - Space
02:35:01.485 [JavaFX Application Thread] DEBUG Input                - Registered new binding: action5 - G
02:35:01.485 [JavaFX Application Thread] DEBUG FXGLAssetLoaderServi - Loading from file system: jar:file:/C:/Users/Asher%20Siddique/.m2/repository/com/github/almasb/fxgl/17.3/fxgl-17.3.jar!/fxglassets/textures/fxgl_icon.png
02:35:01.486 [FXGL Background Thread 4 ] DEBUG FXGLAssetLoaderServi - Loading from file system: jar:file:/C:/Users/Asher%20Siddique/.m2/repository/com/github/almasb/fxgl/17.3/fxgl-17.3.jar!/fxglassets/ui/fonts/Abel-Regular.ttf
02:35:01.490 [FXGL Background Thread 4 ] DEBUG FXGLAssetLoaderServi - Loading from file system: jar:file:/C:/Users/Asher%20Siddique/.m2/repository/com/github/almasb/fxgl/17.3/fxgl-17.3.jar!/fxglassets/ui/fonts/TerminalLandMono-Regular.otf
02:35:01.493 [FXGL Background Thread 4 ] DEBUG FXGLAssetLoaderServi - Loading from file system: jar:file:/C:/Users/Asher%20Siddique/.m2/repository/com/github/almasb/fxgl/17.3/fxgl-17.3.jar!/fxglassets/ui/fonts/Courier-Prime.ttf
02:35:01.500 [JavaFX Application Thread] DEBUG FXGLAssetLoaderServi - Loading from file system: jar:file:/C:/Users/Asher%20Siddique/.m2/repository/com/github/almasb/fxgl/17.3/fxgl-17.3.jar!/fxglassets/textures/fxgl_default_cursor.png
02:35:01.502 [JavaFX Application Thread] DEBUG Input                - Registered new binding: Screenshot - CTRL+8
02:35:01.502 [JavaFX Application Thread] DEBUG Input                - Registered new binding: System info dump - CTRL+9
02:35:01.503 [JavaFX Application Thread] DEBUG Input                - Registered new binding: Restart - CTRL+R
02:35:01.503 [JavaFX Application Thread] DEBUG Input                - Registered new binding: Toggle Debug Camera - CTRL+7
02:35:01.506 [JavaFX Application Thread] DEBUG LoopRunner           - Starting loop
02:35:01.506 [JavaFX Application Thread] DEBUG LoopRunner           - Initializing JavaFX AnimationTimerLoop
02:35:01.509 [JavaFX Application Thread] DEBUG Input                - Clearing active input actions
02:35:01.516 [JavaFX Application Thread] DEBUG GameApplicationServi - Removing overlay from FXGLStartupScene and adding to FXGLMainMenuDummyScene
02:35:01.516 [JavaFX Application Thread] DEBUG PrimaryStageWindow   - FXGLStartupScene -> FXGLMainMenuDummyScene
02:35:01.516 [JavaFX Application Thread] DEBUG PrimaryStageWindow   - Push state: PixelQuestMainMenu
02:35:01.516 [JavaFX Application Thread] DEBUG Input                - Clearing active input actions
02:35:01.520 [JavaFX Application Thread] DEBUG GameApplicationServi - Removing overlay from FXGLMainMenuDummyScene and adding to PixelQuestMainMenu
02:35:01.520 [JavaFX Application Thread] DEBUG PrimaryStageWindow   - FXGLMainMenuDummyScene -> PixelQuestMainMenu
02:35:01.520 [JavaFX Application Thread] DEBUG FXGLApplication      - Registering font factories with UI factory
02:35:02.036 [JavaFX Application Thread] DEBUG Menu                 - fireNewGame()
02:35:02.036 [JavaFX Application Thread] DEBUG GameApplicationServi - Starting new game
02:35:02.037 [JavaFX Application Thread] DEBUG PrimaryStageWindow   - Pop state: PixelQuestMainMenu
02:35:02.037 [JavaFX Application Thread] DEBUG Input                - Clearing active input actions
02:35:02.037 [JavaFX Application Thread] DEBUG GameApplicationServi - Removing overlay from PixelQuestMainMenu and adding to FXGLMainMenuDummyScene
02:35:02.038 [JavaFX Application Thread] DEBUG PrimaryStageWindow   - FXGLMainMenuDummyScene <- PixelQuestMainMenu
02:35:02.038 [JavaFX Application Thread] DEBUG Input                - Clearing active input actions
02:35:02.045 [JavaFX Application Thread] DEBUG GameApplicationServi - Removing overlay from FXGLMainMenuDummyScene and adding to FXGLLoadingScene
02:35:02.045 [JavaFX Application Thread] DEBUG PrimaryStageWindow   - FXGLMainMenuDummyScene -> FXGLLoadingScene
02:35:02.045 [JavaFX Application Thread] DEBUG GameApplicationServi - Clearing previous game
02:35:02.045 [JavaFX Application Thread] DEBUG GameScene            - Clearing game scene
02:35:02.046 [JavaFX Application Thread] DEBUG GameWorld            - Clearing game world
02:35:02.046 [JavaFX Application Thread] DEBUG PhysicsWorld         - Clearing physics world
02:35:02.047 [FXGL Background Thread 2 ] DEBUG FXGLApplication      - Initializing game
02:35:02.055 [FXGL Background Thread 2 ] DEBUG FXGLAssetLoaderServi - Loading from file system: file:/C:/Users/Asher%20Siddique/Desktop/Asteroids/target/classes/assets/textures/abc.png
02:35:02.070 [FXGL Background Thread 2 ] DEBUG FXGLAssetLoaderServi - Loading from file system: file:/C:/Users/Asher%20Siddique/Desktop/Asteroids/target/classes/assets/textures/player.png
02:35:02.083 [FXGL Background Thread 2 ] INFO  FXGLApplication      - Game initialization took: 0.036 sec
02:35:02.117 [JavaFX Application Thread] DEBUG Input                - Clearing active input actions
02:35:02.124 [JavaFX Application Thread] DEBUG GameApplicationServi - Removing overlay from FXGLLoadingScene and adding to GameScene
02:35:02.124 [JavaFX Application Thread] DEBUG PrimaryStageWindow   - FXGLLoadingScene -> GameScene
02:35:04.080 [JavaFX Application Thread] DEBUG FXGLAssetLoaderServi - Loading from file system: file:/C:/Users/Asher%20Siddique/Desktop/Asteroids/target/classes/assets/textures/asteroid.png
02:35:04.449 [FXGL Background Thread 3 ] DEBUG Engine               - Logging environment variables
02:35:04.449 [FXGL Background Thread 3 ] DEBUG Engine               - achievements: []
02:35:04.450 [FXGL Background Thread 3 ] DEBUG Engine               - actualHeight: 750.0
02:35:04.450 [FXGL Background Thread 3 ] DEBUG Engine               - actualHeightProperty: ReadOnlyDoubleProperty [value: 750.0]
02:35:04.450 [FXGL Background Thread 3 ] DEBUG Engine               - actualWidth: 500.0
02:35:04.450 [FXGL Background Thread 3 ] DEBUG Engine               - actualWidthProperty: ReadOnlyDoubleProperty [value: 500.0]
02:35:04.450 [FXGL Background Thread 3 ] DEBUG Engine               - appIcon: fxgl_icon.png
02:35:04.450 [FXGL Background Thread 3 ] DEBUG Engine               - applicationMode: DEVELOPER
02:35:04.450 [FXGL Background Thread 3 ] DEBUG Engine               - cSSList: [fxgl_dark.css]
02:35:04.450 [FXGL Background Thread 3 ] DEBUG Engine               - collisionDetectionStrategy: BRUTE_FORCE
02:35:04.450 [FXGL Background Thread 3 ] DEBUG Engine               - configClass: Optional.empty
02:35:04.450 [FXGL Background Thread 3 ] DEBUG Engine               - credits: []
02:35:04.450 [FXGL Background Thread 3 ] DEBUG Engine               - defaultCursor: CursorInfo(imageName=fxgl_default_cursor.png, hotspotX=7.0, hotspotY=6.0)
02:35:04.451 [FXGL Background Thread 3 ] DEBUG Engine               - devBBoxColorProperty: ObjectProperty [value: 0xff0000ff]
02:35:04.451 [FXGL Background Thread 3 ] DEBUG Engine               - devEnableDebugCameraProperty: BooleanProperty [value: false]
02:35:04.451 [FXGL Background Thread 3 ] DEBUG Engine               - devSensorColorProperty: ObjectProperty [value: 0xffff00ff]
02:35:04.451 [FXGL Background Thread 3 ] DEBUG Engine               - devShowBBoxProperty: BooleanProperty [value: false]
02:35:04.451 [FXGL Background Thread 3 ] DEBUG Engine               - devShowPositionProperty: BooleanProperty [value: false]
02:35:04.451 [FXGL Background Thread 3 ] DEBUG Engine               - enabledMenuItems: []
02:35:04.451 [FXGL Background Thread 3 ] DEBUG Engine               - engineServices: [class com.almasb.fxgl.app.services.FXGLAssetLoaderService, class com.almasb.fxgl.app.FXGLApplication$GameApplicationService, class com.almasb.fxgl.app.services.FXGLDialogService, class com.almasb.fxgl.app.services.IOTaskExecutorService, class com.almasb.fxgl.io.FileSystemService, class com.almasb.fxgl.localization.LocalizationService, class com.almasb.fxgl.app.services.SystemBundleService, class com.almasb.fxgl.profile.SaveLoadService, class com.almasb.fxgl.ui.FXGLUIFactoryServiceProvider, class com.almasb.fxgl.ui.FXGLDialogFactoryServiceProvider, class com.almasb.fxgl.audio.AudioPlayer, class com.almasb.fxgl.notification.impl.NotificationServiceProvider, class com.almasb.fxgl.achievement.AchievementService, class com.almasb.fxgl.cutscene.CutsceneService, class com.almasb.fxgl.minigames.MiniGameService, class com.almasb.fxgl.net.NetService, class com.almasb.fxgl.app.services.UpdaterService, class com.almasb.fxgl.dev.DevService]
02:35:04.451 [FXGL Background Thread 3 ] DEBUG Engine               - fontGame: Abel-Regular.ttf
02:35:04.451 [FXGL Background Thread 3 ] DEBUG Engine               - fontMono: TerminalLandMono-Regular.otf
02:35:04.451 [FXGL Background Thread 3 ] DEBUG Engine               - fontSizeScaleUI: 1.0
02:35:04.451 [FXGL Background Thread 3 ] DEBUG Engine               - fontText: Courier-Prime.ttf
02:35:04.451 [FXGL Background Thread 3 ] DEBUG Engine               - fontUI: VarelaRound-Regular.ttf
02:35:04.451 [FXGL Background Thread 3 ] DEBUG Engine               - fullScreen: BooleanProperty [value: false]
02:35:04.451 [FXGL Background Thread 3 ] DEBUG Engine               - gameDifficulty: MEDIUM
02:35:04.452 [FXGL Background Thread 3 ] DEBUG Engine               - gameDifficultyProperty: ObjectProperty [value: MEDIUM]
02:35:04.452 [FXGL Background Thread 3 ] DEBUG Engine               - globalMusicVolume: 0.5
02:35:04.452 [FXGL Background Thread 3 ] DEBUG Engine               - globalMusicVolumeProperty: DoubleProperty [value: 0.5]
02:35:04.452 [FXGL Background Thread 3 ] DEBUG Engine               - globalSoundVolume: 0.5
02:35:04.452 [FXGL Background Thread 3 ] DEBUG Engine               - globalSoundVolumeProperty: DoubleProperty [value: 0.1]
02:35:04.452 [FXGL Background Thread 3 ] DEBUG Engine               - height: 750
02:35:04.452 [FXGL Background Thread 3 ] DEBUG Engine               - is3D: false
02:35:04.452 [FXGL Background Thread 3 ] DEBUG Engine               - isAndroid: false
02:35:04.452 [FXGL Background Thread 3 ] DEBUG Engine               - isBrowser: false
02:35:04.452 [FXGL Background Thread 3 ] DEBUG Engine               - isClickFeedbackEnabled: false
02:35:04.452 [FXGL Background Thread 3 ] DEBUG Engine               - isCloseConfirmation: false
02:35:04.452 [FXGL Background Thread 3 ] DEBUG Engine               - isDesktop: true
02:35:04.452 [FXGL Background Thread 3 ] DEBUG Engine               - isDeveloperMenuEnabled: false
02:35:04.452 [FXGL Background Thread 3 ] DEBUG Engine               - isEmbedded: false
02:35:04.452 [FXGL Background Thread 3 ] DEBUG Engine               - isEntityPreloadEnabled: true
02:35:04.453 [FXGL Background Thread 3 ] DEBUG Engine               - isExperimentalTiledLargeMap: false
02:35:04.453 [FXGL Background Thread 3 ] DEBUG Engine               - isFileSystemWriteAllowed: true
02:35:04.453 [FXGL Background Thread 3 ] DEBUG Engine               - isFullScreenAllowed: false
02:35:04.453 [FXGL Background Thread 3 ] DEBUG Engine               - isFullScreenFromStart: false
02:35:04.453 [FXGL Background Thread 3 ] DEBUG Engine               - isGameMenuEnabled: true
02:35:04.453 [FXGL Background Thread 3 ] DEBUG Engine               - isIOS: false
02:35:04.453 [FXGL Background Thread 3 ] DEBUG Engine               - isIntroEnabled: false
02:35:04.453 [FXGL Background Thread 3 ] DEBUG Engine               - isLinux: false
02:35:04.453 [FXGL Background Thread 3 ] DEBUG Engine               - isMac: false
02:35:04.453 [FXGL Background Thread 3 ] DEBUG Engine               - isMainMenuEnabled: true
02:35:04.453 [FXGL Background Thread 3 ] DEBUG Engine               - isManualResizeEnabled: false
02:35:04.453 [FXGL Background Thread 3 ] DEBUG Engine               - isMobile: false
02:35:04.453 [FXGL Background Thread 3 ] DEBUG Engine               - isNative: false
02:35:04.453 [FXGL Background Thread 3 ] DEBUG Engine               - isPauseMusicWhenMinimized: true
02:35:04.453 [FXGL Background Thread 3 ] DEBUG Engine               - isPreserveResizeRatio: false
02:35:04.453 [FXGL Background Thread 3 ] DEBUG Engine               - isProfilingEnabled: false
02:35:04.453 [FXGL Background Thread 3 ] DEBUG Engine               - isScaleAffectedOnResize: true
02:35:04.454 [FXGL Background Thread 3 ] DEBUG Engine               - isSingleStep: false
02:35:04.454 [FXGL Background Thread 3 ] DEBUG Engine               - isUserProfileEnabled: false
02:35:04.454 [FXGL Background Thread 3 ] DEBUG Engine               - isWindows: true
02:35:04.454 [FXGL Background Thread 3 ] DEBUG Engine               - language: ObjectProperty [value: ENGLISH]
02:35:04.454 [FXGL Background Thread 3 ] DEBUG Engine               - menuKey: ESCAPE
02:35:04.454 [FXGL Background Thread 3 ] DEBUG Engine               - mouseSensitivity: 0.2
02:35:04.454 [FXGL Background Thread 3 ] DEBUG Engine               - notificationViewClass: class com.almasb.fxgl.notification.view.XboxNotificationView
02:35:04.454 [FXGL Background Thread 3 ] DEBUG Engine               - pixelsPerMeter: 50.0
02:35:04.454 [FXGL Background Thread 3 ] DEBUG Engine               - platform: WINDOWS
02:35:04.454 [FXGL Background Thread 3 ] DEBUG Engine               - prefHeightProperty: ReadOnlyDoubleProperty [value: 750.0]
02:35:04.454 [FXGL Background Thread 3 ] DEBUG Engine               - prefWidthProperty: ReadOnlyDoubleProperty [value: 500.0]
02:35:04.454 [FXGL Background Thread 3 ] DEBUG Engine               - profileDir: profiles/
02:35:04.454 [FXGL Background Thread 3 ] DEBUG Engine               - profileName: StringProperty [value: DEFAULT]
02:35:04.454 [FXGL Background Thread 3 ] DEBUG Engine               - randomSeed: -1
02:35:04.455 [FXGL Background Thread 3 ] DEBUG Engine               - runtimeInfo: RuntimeInfo(platform=WINDOWS, version=17.3, build=30.03.2023 11.49)
02:35:04.455 [FXGL Background Thread 3 ] DEBUG Engine               - saveFileExt: sav
02:35:04.455 [FXGL Background Thread 3 ] DEBUG Engine               - scaledHeightProp$fxgl: DoubleProperty [bound, value: 750.0]
02:35:04.455 [FXGL Background Thread 3 ] DEBUG Engine               - scaledWidthProp$fxgl: DoubleProperty [bound, value: 500.0]
02:35:04.455 [FXGL Background Thread 3 ] DEBUG Engine               - sceneFactory: com.asher.scdpixelquest.PixelQuestApp$1@534c1cd6
02:35:04.455 [FXGL Background Thread 3 ] DEBUG Engine               - secondsIn24h: 60
02:35:04.455 [FXGL Background Thread 3 ] DEBUG Engine               - soundMenuBack: menu/back.wav
02:35:04.455 [FXGL Background Thread 3 ] DEBUG Engine               - soundMenuPress: menu/press.wav
02:35:04.455 [FXGL Background Thread 3 ] DEBUG Engine               - soundMenuSelect: menu/select.wav
02:35:04.455 [FXGL Background Thread 3 ] DEBUG Engine               - soundNotification: core/notification.wav
02:35:04.455 [FXGL Background Thread 3 ] DEBUG Engine               - stageStyle: DECORATED
02:35:04.455 [FXGL Background Thread 3 ] DEBUG Engine               - supportedLanguages: [ENGLISH, FRENCH, GERMAN, HUNGARIAN, RUSSIAN]
02:35:04.455 [FXGL Background Thread 3 ] DEBUG Engine               - ticksPerSecond: -1
02:35:04.455 [FXGL Background Thread 3 ] DEBUG Engine               - title: PixelQuest
02:35:04.456 [FXGL Background Thread 3 ] DEBUG Engine               - urlGithub: https://github.com/AlmasB/FXGL
02:35:04.456 [FXGL Background Thread 3 ] DEBUG Engine               - urlLeaderboard: http://fxgl-top.herokuapp.com/
02:35:04.456 [FXGL Background Thread 3 ] DEBUG Engine               - urlPOM: https://raw.githubusercontent.com/AlmasB/FXGL/release/README.md
02:35:04.456 [FXGL Background Thread 3 ] DEBUG Engine               - userAppClass: class com.asher.scdpixelquest.PixelQuestApp
02:35:04.456 [FXGL Background Thread 3 ] DEBUG Engine               - version: 0.1
02:35:04.456 [FXGL Background Thread 3 ] DEBUG Engine               - versionCheckDays: 7
02:35:04.456 [FXGL Background Thread 3 ] DEBUG Engine               - width: 500
02:35:04.456 [FXGL Background Thread 3 ] DEBUG Engine               - Logging services
02:35:04.456 [FXGL Background Thread 3 ] DEBUG Engine               - class com.almasb.fxgl.app.services.FXGLAssetLoaderService
02:35:04.456 [FXGL Background Thread 3 ] DEBUG Engine               - class com.almasb.fxgl.app.FXGLApplication$GameApplicationService
02:35:04.456 [FXGL Background Thread 3 ] DEBUG Engine               - class com.almasb.fxgl.app.services.FXGLDialogService
02:35:04.456 [FXGL Background Thread 3 ] DEBUG Engine               - class com.almasb.fxgl.app.services.IOTaskExecutorService
02:35:04.456 [FXGL Background Thread 3 ] DEBUG Engine               - class com.almasb.fxgl.io.FileSystemService
02:35:04.456 [FXGL Background Thread 3 ] DEBUG Engine               - class com.almasb.fxgl.localization.LocalizationService
02:35:04.456 [FXGL Background Thread 3 ] DEBUG Engine               - class com.almasb.fxgl.app.services.SystemBundleService
02:35:04.456 [FXGL Background Thread 3 ] DEBUG Engine               - class com.almasb.fxgl.profile.SaveLoadService
02:35:04.456 [FXGL Background Thread 3 ] DEBUG Engine               - class com.almasb.fxgl.ui.FXGLUIFactoryServiceProvider
02:35:04.456 [FXGL Background Thread 3 ] DEBUG Engine               - class com.almasb.fxgl.ui.FXGLDialogFactoryServiceProvider
02:35:04.456 [FXGL Background Thread 3 ] DEBUG Engine               - class com.almasb.fxgl.audio.AudioPlayer
02:35:04.456 [FXGL Background Thread 3 ] DEBUG Engine               - class com.almasb.fxgl.notification.impl.NotificationServiceProvider
02:35:04.456 [FXGL Background Thread 3 ] DEBUG Engine               - class com.almasb.fxgl.achievement.AchievementService
02:35:04.456 [FXGL Background Thread 3 ] DEBUG Engine               - class com.almasb.fxgl.cutscene.CutsceneService
02:35:04.456 [FXGL Background Thread 3 ] DEBUG Engine               - class com.almasb.fxgl.minigames.MiniGameService
02:35:04.456 [FXGL Background Thread 3 ] DEBUG Engine               - class com.almasb.fxgl.net.NetService
02:35:04.456 [FXGL Background Thread 3 ] DEBUG Engine               - class com.almasb.fxgl.app.services.UpdaterService
02:35:04.456 [FXGL Background Thread 3 ] DEBUG Engine               - class com.almasb.fxgl.dev.DevService
02:35:08.247 [JavaFX Application Thread] DEBUG FXGLAssetLoaderServi - Loading from file system: file:/C:/Users/Asher%20Siddique/Desktop/Asteroids/target/classes/assets/textures/bullet.png
02:35:08.603 [JavaFX Application Thread] DEBUG FXGLAssetLoaderServi - Loading from file system: file:/C:/Users/Asher%20Siddique/Desktop/Asteroids/target/classes/assets/sounds/explosion.wav
02:35:08.665 [JavaFX Application Thread] DEBUG FXGLAssetLoaderServi - Loading from file system: file:/C:/Users/Asher%20Siddique/Desktop/Asteroids/target/classes/assets/textures/explosion.png
02:35:10.585 [JavaFX Application Thread] DEBUG FXGLApplication      - Exiting FXGL
02:35:10.585 [JavaFX Application Thread] DEBUG LoopRunner           - Stopping loop
02:35:10.585 [JavaFX Application Thread] DEBUG SystemBundleService  - Saving FXGL system data
02:35:10.587 [JavaFX Application Thread] DEBUG FileSystemAccess     - Writing to: C:\Users\Asher Siddique\Desktop\Asteroids\system\fxgl.bundle
02:35:10.588 [JavaFX Application Thread] DEBUG Async                - Shutting down background threads
02:35:10.588 [JavaFX Application Thread] DEBUG PrimaryStageWindow   - Closing main window
02:35:10.596 [JavaFX Application Thread] DEBUG Logger               - Closing Logger
