00:52:46.232 [main                     ] DEBUG Logger               - Configured Logger
00:52:46.264 [main                     ] DEBUG GameApplication      - Logging settings
Title: Untitled
Version: 0.0
Width: 800
Height: 600
Fullscreen: false
Intro: false
Profiling: false
Single step:false
App Mode: DEVELOPER
Menu Key: ESCAPE
Stage Style: DECORATED
Scene Factory: class com.almasb.fxgl.app.scene.SceneFactory

00:52:47.058 [JavaFX Application Thread] DEBUG FXGLApplication      - Initializing FXGL
00:52:47.076 [JavaFX Application Thread] INFO  Engine               - FXGL-17.3 (30.03.2023 11.54) on WINDOWS (J:21 FX:20)
00:52:47.079 [JavaFX Application Thread] DEBUG Engine               - JRE Vendor Name: Oracle Corporation
00:52:47.087 [JavaFX Application Thread] DEBUG Engine               - Running on OS: Windows 10 version 10.0
00:52:47.087 [JavaFX Application Thread] DEBUG Engine               - Architecture: amd64
00:52:47.088 [JavaFX Application Thread] INFO  Engine               - Source code and latest versions at: https://github.com/AlmasB/FXGL
00:52:47.089 [JavaFX Application Thread] INFO  Engine               -       Ask questions and discuss at: https://github.com/AlmasB/FXGL/discussions
00:52:47.089 [JavaFX Application Thread] INFO  Engine               -              Join the FXGL chat at: https://gitter.im/AlmasB/FXGL
00:52:47.317 [JavaFX Application Thread] DEBUG PrimaryStageWindow   - Creating a JavaFX scene
00:52:47.378 [JavaFX Application Thread] DEBUG PrimaryStageWindow   - Target settings size: 800.0 x 600.0
00:52:47.378 [JavaFX Application Thread] DEBUG PrimaryStageWindow   - Scaled scene size:    800.0 x 600.0
00:52:47.379 [JavaFX Application Thread] DEBUG PrimaryStageWindow   - Scaled ratio: (1.0, 1.0)
00:52:47.380 [JavaFX Application Thread] DEBUG PrimaryStageWindow   - Set initial scene to FXGLStartupScene
00:52:47.382 [JavaFX Application Thread] DEBUG PrimaryStageWindow   - Opening main window
00:52:47.454 [JavaFX Application Thread] DEBUG PrimaryStageWindow   - Window border size: (16.0, 39.0)
00:52:47.454 [JavaFX Application Thread] DEBUG PrimaryStageWindow   - Scaled size: 800.0 x 600.0
00:52:47.454 [JavaFX Application Thread] DEBUG PrimaryStageWindow   - Scaled ratio: (1.0, 1.0)
00:52:47.455 [JavaFX Application Thread] DEBUG PrimaryStageWindow   - Scene size: 800.0 x 600.0
00:52:47.455 [JavaFX Application Thread] DEBUG PrimaryStageWindow   - Stage size: 816.0 x 639.0
00:52:47.461 [FXGL Background Thread 1 ] DEBUG Engine               - Initializing environment variables
00:52:47.514 [FXGL Background Thread 1 ] DEBUG FXGLAssetLoaderServi - User app class for loading assets: class PixelQuestApp
00:52:47.514 [FXGL Background Thread 1 ] DEBUG GameApplicationServi - Applying CSS: fxgl_dark.css
00:52:47.515 [FXGL Background Thread 1 ] DEBUG FXGLAssetLoaderServi - Loading from file system: jar:file:/C:/Users/Asher%20Siddique/Downloads/fxgl-17.3-uber.jar!/fxglassets/ui/css/fxgl_dark.css
00:52:47.554 [FXGL Background Thread 1 ] DEBUG GameApplicationServi - Initializing application scenes
00:52:47.876 [FXGL Background Thread 1 ] DEBUG GameWorld            - Game world initialized
00:52:47.932 [FXGL Background Thread 1 ] DEBUG PhysicsWorld         - Physics world initialized: appHeight=600, physics.ppm=50.0
00:52:47.932 [FXGL Background Thread 1 ] DEBUG PhysicsWorld         - Using strategy: BRUTE_FORCE
00:52:47.935 [FXGL Background Thread 1 ] DEBUG GameScene            - Game scene initialized: 800x600
00:52:47.947 [FXGL Background Thread 1 ] DEBUG FXGL.DefaultMenu     - createMenuBodyGameMenu()
00:52:47.966 [FXGL Background Thread 1 ] DEBUG FXGL.DefaultMenu     - createOptionsMenu()
00:52:47.975 [FXGL Background Thread 1 ] DEBUG FXGLAssetLoaderServi - Loading from file system: jar:file:/C:/Users/Asher%20Siddique/Downloads/fxgl-17.3-uber.jar!/fxglassets/textures/particles/smoke.png
00:52:48.082 [FXGL Background Thread 1 ] DEBUG FXGLAssetLoaderServi - Loading from file system: jar:file:/C:/Users/Asher%20Siddique/Downloads/fxgl-17.3-uber.jar!/fxglassets/textures/particles/trace_horizontal.png
00:52:48.110 [FXGL Background Thread 1 ] DEBUG GameApplicationServi - Application scenes initialized
00:52:48.123 [FXGL Background Thread 1 ] DEBUG SystemBundleService  - Loading FXGL system data
00:52:48.126 [FXGL Background Thread 1 ] DEBUG FileSystemAccess     - Reading from: C:\Users\Asher Siddique\Desktop\uni stuff\pixelquest\system\fxgl.bundle
00:52:48.134 [FXGL Background Thread 1 ] DEBUG SystemBundleService  - Bundle FXGL: {}
00:52:48.134 [FXGL Background Thread 1 ] DEBUG UpdaterService       - Checking for updates
00:52:48.137 [FXGL Background Thread 4 ] DEBUG FXGLApplication      - Loading fonts
00:52:48.138 [FXGL Background Thread 4 ] DEBUG FXGLAssetLoaderServi - Loading from file system: jar:file:/C:/Users/Asher%20Siddique/Downloads/fxgl-17.3-uber.jar!/fxglassets/ui/fonts/VarelaRound-Regular.ttf
00:52:48.138 [FXGL Background Thread 1 ] DEBUG FXGLApplication      - Loading default localization
00:52:48.139 [FXGL Background Thread 1 ] DEBUG FXGLAssetLoaderServi - Loading from file system: jar:file:/C:/Users/Asher%20Siddique/Downloads/fxgl-17.3-uber.jar!/fxglassets/languages/english.lang
00:52:48.164 [FXGL Background Thread 1 ] INFO  FXGLApplication      - FXGL initialization took: 0.703 sec
00:52:48.165 [JavaFX Application Thread] DEBUG FXGLAssetLoaderServi - Loading from file system: jar:file:/C:/Users/Asher%20Siddique/Downloads/fxgl-17.3-uber.jar!/fxglassets/textures/fxgl_icon.png
00:52:48.172 [FXGL Background Thread 4 ] DEBUG FXGLAssetLoaderServi - Loading from file system: jar:file:/C:/Users/Asher%20Siddique/Downloads/fxgl-17.3-uber.jar!/fxglassets/ui/fonts/Abel-Regular.ttf
00:52:48.177 [FXGL Background Thread 4 ] DEBUG FXGLAssetLoaderServi - Loading from file system: jar:file:/C:/Users/Asher%20Siddique/Downloads/fxgl-17.3-uber.jar!/fxglassets/ui/fonts/TerminalLandMono-Regular.otf
00:52:48.181 [FXGL Background Thread 4 ] DEBUG FXGLAssetLoaderServi - Loading from file system: jar:file:/C:/Users/Asher%20Siddique/Downloads/fxgl-17.3-uber.jar!/fxglassets/ui/fonts/Courier-Prime.ttf
00:52:48.185 [JavaFX Application Thread] DEBUG FXGLAssetLoaderServi - Loading from file system: jar:file:/C:/Users/Asher%20Siddique/Downloads/fxgl-17.3-uber.jar!/fxglassets/textures/fxgl_default_cursor.png
00:52:48.199 [JavaFX Application Thread] DEBUG Input                - Registered new binding: Screenshot - CTRL+8
00:52:48.199 [JavaFX Application Thread] DEBUG Input                - Registered new binding: System info dump - CTRL+9
00:52:48.200 [JavaFX Application Thread] DEBUG Input                - Registered new binding: Restart - CTRL+R
00:52:48.201 [JavaFX Application Thread] DEBUG Input                - Registered new binding: Toggle Debug Camera - CTRL+7
00:52:48.204 [JavaFX Application Thread] DEBUG LoopRunner           - Starting loop
00:52:48.205 [JavaFX Application Thread] DEBUG LoopRunner           - Initializing JavaFX AnimationTimerLoop
00:52:48.206 [JavaFX Application Thread] DEBUG GameApplicationServi - Starting new game
00:52:48.207 [JavaFX Application Thread] DEBUG Input                - Clearing active input actions
00:52:48.217 [JavaFX Application Thread] DEBUG GameApplicationServi - Removing overlay from FXGLStartupScene and adding to FXGLLoadingScene
00:52:48.217 [JavaFX Application Thread] DEBUG PrimaryStageWindow   - FXGLStartupScene -> FXGLLoadingScene
00:52:48.217 [JavaFX Application Thread] DEBUG GameApplicationServi - Clearing previous game
00:52:48.218 [JavaFX Application Thread] DEBUG GameScene            - Clearing game scene
00:52:48.218 [JavaFX Application Thread] DEBUG GameWorld            - Clearing game world
00:52:48.218 [JavaFX Application Thread] DEBUG PhysicsWorld         - Clearing physics world
00:52:48.219 [FXGL Background Thread 4 ] DEBUG FXGLApplication      - Initializing game
00:52:48.220 [JavaFX Application Thread] DEBUG FXGLApplication      - Registering font factories with UI factory
00:52:48.221 [FXGL Background Thread 4 ] INFO  FXGLApplication      - Game initialization took: 0.001 sec
00:52:48.272 [JavaFX Application Thread] DEBUG Input                - Clearing active input actions
00:52:48.279 [JavaFX Application Thread] DEBUG GameApplicationServi - Removing overlay from FXGLLoadingScene and adding to GameScene
00:52:48.279 [JavaFX Application Thread] DEBUG PrimaryStageWindow   - FXGLLoadingScene -> GameScene
00:52:48.941 [JavaFX Application Thread] DEBUG FXGLApplication      - Exiting FXGL
00:52:48.941 [JavaFX Application Thread] DEBUG LoopRunner           - Stopping loop
00:52:48.941 [JavaFX Application Thread] DEBUG SystemBundleService  - Saving FXGL system data
00:52:48.943 [JavaFX Application Thread] DEBUG FileSystemAccess     - Writing to: C:\Users\Asher Siddique\Desktop\uni stuff\pixelquest\system\fxgl.bundle
00:52:48.944 [JavaFX Application Thread] DEBUG Async                - Shutting down background threads
00:52:48.945 [JavaFX Application Thread] DEBUG PrimaryStageWindow   - Closing main window
00:52:48.952 [JavaFX Application Thread] DEBUG Logger               - Closing Logger
