02:41:04.065 [main                     ] DEBUG Logger               - Configured Logger
02:41:04.083 [main                     ] DEBUG GameApplication      - Logging settings
Title: PixelQuest
Version: 0.1
Width: 500
Height: 750
Fullscreen: false
Intro: false
Profiling: false
Single step:false
App Mode: DEVELOPER
Menu Key: ESCAPE
Stage Style: DECORATED
Scene Factory: class com.asher.scdpixelquest.PixelQuestApp$1

02:41:04.593 [JavaFX Application Thread] DEBUG FXGLApplication      - Initializing FXGL
02:41:04.597 [JavaFX Application Thread] INFO  Engine               - FXGL-17.3 (30.03.2023 11.49) on WINDOWS (J:21 FX:20)
02:41:04.597 [JavaFX Application Thread] DEBUG Engine               - JRE Vendor Name: Oracle Corporation
02:41:04.597 [JavaFX Application Thread] DEBUG Engine               - Running on OS: Windows 10 version 10.0
02:41:04.597 [JavaFX Application Thread] DEBUG Engine               - Architecture: amd64
02:41:04.597 [JavaFX Application Thread] INFO  Engine               - Source code and latest versions at: https://github.com/AlmasB/FXGL
02:41:04.598 [JavaFX Application Thread] INFO  Engine               -       Ask questions and discuss at: https://github.com/AlmasB/FXGL/discussions
02:41:04.598 [JavaFX Application Thread] INFO  Engine               -              Join the FXGL chat at: https://gitter.im/AlmasB/FXGL
02:41:04.711 [JavaFX Application Thread] DEBUG PrimaryStageWindow   - Creating a JavaFX scene
02:41:04.762 [JavaFX Application Thread] DEBUG PrimaryStageWindow   - Target settings size: 500.0 x 750.0
02:41:04.763 [JavaFX Application Thread] DEBUG PrimaryStageWindow   - Scaled scene size:    500.0 x 750.0
02:41:04.763 [JavaFX Application Thread] DEBUG PrimaryStageWindow   - Scaled ratio: (1.0, 1.0)
02:41:04.764 [JavaFX Application Thread] DEBUG PrimaryStageWindow   - Set initial scene to FXGLStartupScene
02:41:04.766 [JavaFX Application Thread] DEBUG PrimaryStageWindow   - Opening main window
02:41:04.837 [JavaFX Application Thread] DEBUG PrimaryStageWindow   - Window border size: (16.0, 39.0)
02:41:04.837 [JavaFX Application Thread] DEBUG PrimaryStageWindow   - Scaled size: 500.0 x 750.0
02:41:04.837 [JavaFX Application Thread] DEBUG PrimaryStageWindow   - Scaled ratio: (1.0, 1.0)
02:41:04.837 [JavaFX Application Thread] DEBUG PrimaryStageWindow   - Scene size: 500.0 x 750.0
02:41:04.837 [JavaFX Application Thread] DEBUG PrimaryStageWindow   - Stage size: 516.0 x 789.0
02:41:04.843 [FXGL Background Thread 1 ] DEBUG Engine               - Initializing environment variables
02:41:04.892 [FXGL Background Thread 1 ] DEBUG FXGLAssetLoaderServi - User app class for loading assets: class com.asher.scdpixelquest.PixelQuestApp
02:41:04.892 [FXGL Background Thread 1 ] DEBUG GameApplicationServi - Applying CSS: fxgl_dark.css
02:41:04.893 [FXGL Background Thread 1 ] DEBUG FXGLAssetLoaderServi - Loading from file system: jar:file:/C:/Users/Asher%20Siddique/.m2/repository/com/github/almasb/fxgl/17.3/fxgl-17.3.jar!/fxglassets/ui/css/fxgl_dark.css
02:41:04.925 [FXGL Background Thread 1 ] DEBUG GameApplicationServi - Initializing application scenes
02:41:05.231 [FXGL Background Thread 1 ] DEBUG GameWorld            - Game world initialized
02:41:05.280 [FXGL Background Thread 1 ] DEBUG PhysicsWorld         - Physics world initialized: appHeight=750, physics.ppm=50.0
02:41:05.280 [FXGL Background Thread 1 ] DEBUG PhysicsWorld         - Using strategy: BRUTE_FORCE
02:41:05.284 [FXGL Background Thread 1 ] DEBUG GameScene            - Game scene initialized: 500x750
02:41:05.343 [FXGL Background Thread 1 ] WARN  FXGL.DefaultMenu     - FXGLDefaultMenu is not designed for resolutions < 800x600
02:41:05.343 [FXGL Background Thread 1 ] DEBUG FXGL.DefaultMenu     - createMenuBodyGameMenu()
02:41:05.361 [FXGL Background Thread 1 ] DEBUG FXGL.DefaultMenu     - createOptionsMenu()
02:41:05.367 [FXGL Background Thread 1 ] DEBUG FXGLAssetLoaderServi - Loading from file system: jar:file:/C:/Users/Asher%20Siddique/.m2/repository/com/github/almasb/fxgl/17.3/fxgl-17.3.jar!/fxglassets/textures/particles/smoke.png
02:41:05.453 [FXGL Background Thread 1 ] DEBUG FXGLAssetLoaderServi - Loading from file system: jar:file:/C:/Users/Asher%20Siddique/.m2/repository/com/github/almasb/fxgl/17.3/fxgl-17.3.jar!/fxglassets/textures/particles/trace_horizontal.png
02:41:05.476 [FXGL Background Thread 1 ] DEBUG GameApplicationServi - Application scenes initialized
02:41:05.488 [FXGL Background Thread 1 ] DEBUG SystemBundleService  - Loading FXGL system data
02:41:05.491 [FXGL Background Thread 1 ] DEBUG FileSystemAccess     - Reading from: C:\Users\Asher Siddique\Desktop\Asteroids\system\fxgl.bundle
02:41:05.498 [FXGL Background Thread 1 ] DEBUG SystemBundleService  - Bundle FXGL: {}
02:41:05.499 [FXGL Background Thread 1 ] DEBUG UpdaterService       - Checking for updates
02:41:05.502 [FXGL Background Thread 4 ] DEBUG FXGLApplication      - Loading fonts
02:41:05.503 [FXGL Background Thread 4 ] DEBUG FXGLAssetLoaderServi - Loading from file system: jar:file:/C:/Users/Asher%20Siddique/.m2/repository/com/github/almasb/fxgl/17.3/fxgl-17.3.jar!/fxglassets/ui/fonts/VarelaRound-Regular.ttf
02:41:05.504 [FXGL Background Thread 1 ] DEBUG FXGLApplication      - Loading default localization
02:41:05.504 [FXGL Background Thread 1 ] DEBUG FXGLAssetLoaderServi - Loading from file system: jar:file:/C:/Users/Asher%20Siddique/.m2/repository/com/github/almasb/fxgl/17.3/fxgl-17.3.jar!/fxglassets/languages/english.lang
02:41:05.523 [FXGL Background Thread 1 ] INFO  FXGLApplication      - FXGL initialization took: 0.681 sec
02:41:05.533 [JavaFX Application Thread] DEBUG Input                - Registered new binding: action0 - A
02:41:05.533 [JavaFX Application Thread] DEBUG Input                - Registered new binding: action1 - D
02:41:05.533 [JavaFX Application Thread] DEBUG Input                - Registered new binding: action2 - W
02:41:05.534 [JavaFX Application Thread] DEBUG Input                - Registered new binding: action3 - S
02:41:05.534 [JavaFX Application Thread] DEBUG Input                - Registered new binding: action4 - Space
02:41:05.535 [JavaFX Application Thread] DEBUG Input                - Registered new binding: action5 - G
02:41:05.535 [JavaFX Application Thread] DEBUG FXGLAssetLoaderServi - Loading from file system: jar:file:/C:/Users/Asher%20Siddique/.m2/repository/com/github/almasb/fxgl/17.3/fxgl-17.3.jar!/fxglassets/textures/fxgl_icon.png
02:41:05.536 [FXGL Background Thread 4 ] DEBUG FXGLAssetLoaderServi - Loading from file system: jar:file:/C:/Users/Asher%20Siddique/.m2/repository/com/github/almasb/fxgl/17.3/fxgl-17.3.jar!/fxglassets/ui/fonts/Abel-Regular.ttf
02:41:05.540 [FXGL Background Thread 4 ] DEBUG FXGLAssetLoaderServi - Loading from file system: jar:file:/C:/Users/Asher%20Siddique/.m2/repository/com/github/almasb/fxgl/17.3/fxgl-17.3.jar!/fxglassets/ui/fonts/TerminalLandMono-Regular.otf
02:41:05.543 [FXGL Background Thread 4 ] DEBUG FXGLAssetLoaderServi - Loading from file system: jar:file:/C:/Users/Asher%20Siddique/.m2/repository/com/github/almasb/fxgl/17.3/fxgl-17.3.jar!/fxglassets/ui/fonts/Courier-Prime.ttf
02:41:05.548 [JavaFX Application Thread] DEBUG FXGLAssetLoaderServi - Loading from file system: jar:file:/C:/Users/Asher%20Siddique/.m2/repository/com/github/almasb/fxgl/17.3/fxgl-17.3.jar!/fxglassets/textures/fxgl_default_cursor.png
02:41:05.550 [JavaFX Application Thread] DEBUG Input                - Registered new binding: Screenshot - CTRL+8
02:41:05.550 [JavaFX Application Thread] DEBUG Input                - Registered new binding: System info dump - CTRL+9
02:41:05.551 [JavaFX Application Thread] DEBUG Input                - Registered new binding: Restart - CTRL+R
02:41:05.551 [JavaFX Application Thread] DEBUG Input                - Registered new binding: Toggle Debug Camera - CTRL+7
02:41:05.554 [JavaFX Application Thread] DEBUG LoopRunner           - Starting loop
02:41:05.554 [JavaFX Application Thread] DEBUG LoopRunner           - Initializing JavaFX AnimationTimerLoop
02:41:05.557 [JavaFX Application Thread] DEBUG Input                - Clearing active input actions
02:41:05.563 [JavaFX Application Thread] DEBUG GameApplicationServi - Removing overlay from FXGLStartupScene and adding to FXGLMainMenuDummyScene
02:41:05.563 [JavaFX Application Thread] DEBUG PrimaryStageWindow   - FXGLStartupScene -> FXGLMainMenuDummyScene
02:41:05.563 [JavaFX Application Thread] DEBUG PrimaryStageWindow   - Push state: PixelQuestMainMenu
02:41:05.564 [JavaFX Application Thread] DEBUG Input                - Clearing active input actions
02:41:05.567 [JavaFX Application Thread] DEBUG GameApplicationServi - Removing overlay from FXGLMainMenuDummyScene and adding to PixelQuestMainMenu
02:41:05.568 [JavaFX Application Thread] DEBUG PrimaryStageWindow   - FXGLMainMenuDummyScene -> PixelQuestMainMenu
02:41:05.570 [JavaFX Application Thread] DEBUG FXGLApplication      - Registering font factories with UI factory
02:41:06.344 [JavaFX Application Thread] DEBUG Menu                 - fireNewGame()
02:41:06.344 [JavaFX Application Thread] DEBUG GameApplicationServi - Starting new game
02:41:06.344 [JavaFX Application Thread] DEBUG PrimaryStageWindow   - Pop state: PixelQuestMainMenu
02:41:06.344 [JavaFX Application Thread] DEBUG Input                - Clearing active input actions
02:41:06.345 [JavaFX Application Thread] DEBUG GameApplicationServi - Removing overlay from PixelQuestMainMenu and adding to FXGLMainMenuDummyScene
02:41:06.345 [JavaFX Application Thread] DEBUG PrimaryStageWindow   - FXGLMainMenuDummyScene <- PixelQuestMainMenu
02:41:06.345 [JavaFX Application Thread] DEBUG Input                - Clearing active input actions
02:41:06.357 [JavaFX Application Thread] DEBUG GameApplicationServi - Removing overlay from FXGLMainMenuDummyScene and adding to FXGLLoadingScene
02:41:06.357 [JavaFX Application Thread] DEBUG PrimaryStageWindow   - FXGLMainMenuDummyScene -> FXGLLoadingScene
02:41:06.357 [JavaFX Application Thread] DEBUG GameApplicationServi - Clearing previous game
02:41:06.357 [JavaFX Application Thread] DEBUG GameScene            - Clearing game scene
02:41:06.357 [JavaFX Application Thread] DEBUG GameWorld            - Clearing game world
02:41:06.357 [JavaFX Application Thread] DEBUG PhysicsWorld         - Clearing physics world
02:41:06.359 [FXGL Background Thread 2 ] DEBUG FXGLApplication      - Initializing game
02:41:06.369 [FXGL Background Thread 2 ] DEBUG FXGLAssetLoaderServi - Loading from file system: file:/C:/Users/Asher%20Siddique/Desktop/Asteroids/target/classes/assets/textures/abc.png
02:41:06.386 [FXGL Background Thread 2 ] DEBUG FXGLAssetLoaderServi - Loading from file system: file:/C:/Users/Asher%20Siddique/Desktop/Asteroids/target/classes/assets/textures/player.png
02:41:06.399 [FXGL Background Thread 2 ] INFO  FXGLApplication      - Game initialization took: 0.040 sec
02:41:06.439 [JavaFX Application Thread] DEBUG Input                - Clearing active input actions
02:41:06.449 [JavaFX Application Thread] DEBUG GameApplicationServi - Removing overlay from FXGLLoadingScene and adding to GameScene
02:41:06.449 [JavaFX Application Thread] DEBUG PrimaryStageWindow   - FXGLLoadingScene -> GameScene
02:41:06.851 [JavaFX Application Thread] DEBUG LoopRunner           - Stopping loop
02:41:06.852 [JavaFX Application Thread] FATAL FXGLApplication      - Uncaught Exception:
java.lang.IllegalArgumentException: Trigger is already bound: Space
	at com.almasb.fxgl.input.Input.addBinding(Input.kt:512)
	at com.almasb.fxgl.input.Input.addAction(Input.kt:507)
	at com.almasb.fxgl.input.Input.addAction$default(Input.kt:504)
	at com.almasb.fxgl.dsl.FXGL$Companion.onKey(FXGL.kt:498)
	at com.almasb.fxgl.dsl.FXGL$Companion.onKey(FXGL.kt:494)
	at com.almasb.fxgl.dsl.FXGL.onKey(FXGL.kt)
	at com.asher.scdpixelquest.PixelQuestApp.lambda$initInput$6(PixelQuestApp.java:53)
	at com.almasb.fxgl.dsl.FXGL$Companion$onKey$1.onAction(FXGL.kt:500)
	at com.almasb.fxgl.input.UserAction.action$fxgl_core(UserAction.kt:38)
	at com.almasb.fxgl.input.Input.update(Input.kt:288)
	at com.almasb.fxgl.scene.Scene.update(Scene.kt:103)
	at com.almasb.fxgl.app.MainWindow$update$1.invoke(MainWindow.kt:115)
	at com.almasb.fxgl.app.MainWindow$update$1.invoke(MainWindow.kt:115)
	at com.almasb.fxgl.core.fsm.StateMachine.runOnActiveStates(StateMachine.kt:69)
	at com.almasb.fxgl.app.MainWindow.update(MainWindow.kt:115)
	at com.almasb.fxgl.app.FXGLApplication$GameApplicationService.onUpdate(FXGLApplication.kt:426)
	at com.almasb.fxgl.app.Engine.loop(Engine.kt:134)
	at com.almasb.fxgl.app.Engine.access$loop(Engine.kt:24)
	at com.almasb.fxgl.app.Engine$loop$1.invoke(Engine.kt:28)
	at com.almasb.fxgl.app.Engine$loop$1.invoke(Engine.kt:28)
	at com.almasb.fxgl.app.LoopRunner.frame(LoopRunner.kt:103)
	at com.almasb.fxgl.app.LoopRunner.access$frame(LoopRunner.kt:23)
	at com.almasb.fxgl.app.LoopRunner$impl$2$1.onTick(LoopRunner.kt:57)
	at com.almasb.fxgl.app.AnimationTimerLoop$timer$1.handle(LoopRunner.kt:137)
	at javafx.animation.AnimationTimer$AnimationTimerReceiver.lambda$handle$0(AnimationTimer.java:58)
	at java.base/java.security.AccessController.doPrivileged(AccessController.java:400)
	at javafx.animation.AnimationTimer$AnimationTimerReceiver.handle(AnimationTimer.java:57)
	at com.sun.scenario.animation.AbstractPrimaryTimer.timePulseImpl(AbstractPrimaryTimer.java:356)
	at com.sun.scenario.animation.AbstractPrimaryTimer$MainLoop.run(AbstractPrimaryTimer.java:266)
	at com.sun.javafx.tk.quantum.QuantumToolkit.pulse(QuantumToolkit.java:588)
	at com.sun.javafx.tk.quantum.QuantumToolkit.pulse(QuantumToolkit.java:572)
	at com.sun.javafx.tk.quantum.QuantumToolkit.pulseFromQueue(QuantumToolkit.java:565)
	at com.sun.javafx.tk.quantum.QuantumToolkit.lambda$runToolkit$11(QuantumToolkit.java:352)
	at com.sun.glass.ui.InvokeLaterDispatcher$Future.run(InvokeLaterDispatcher.java:95)
	at com.sun.glass.ui.win.WinApplication._runLoop(Native Method)
	at com.sun.glass.ui.win.WinApplication.lambda$runLoop$3(WinApplication.java:185)
	at java.base/java.lang.Thread.run(Thread.java:1583)

02:41:06.852 [JavaFX Application Thread] FATAL FXGLApplication      - Application will now exit
02:41:06.866 [JavaFX Application Thread] DEBUG PrimaryStageWindow   - Push state: ErrorSubScene
02:41:06.866 [JavaFX Application Thread] DEBUG Input                - Clearing active input actions
02:41:06.873 [JavaFX Application Thread] DEBUG GameApplicationServi - Removing overlay from GameScene and adding to ErrorSubScene
02:41:06.873 [JavaFX Application Thread] DEBUG PrimaryStageWindow   - GameScene -> ErrorSubScene
02:41:07.979 [JavaFX Application Thread] DEBUG FXGLApplication      - Exiting FXGL
02:41:07.979 [JavaFX Application Thread] DEBUG Async                - Shutting down background threads
02:41:07.980 [JavaFX Application Thread] DEBUG PrimaryStageWindow   - Closing main window
02:41:07.987 [JavaFX Application Thread] DEBUG Logger               - Closing Logger
