00:57:58.553 [main                     ] DEBUG Logger               - Configured Logger
00:57:58.579 [main                     ] DEBUG GameApplication      - Logging settings
Title: Untitled
Version: 0.0
Width: 600
Height: 600
Fullscreen: false
Intro: false
Profiling: false
Single step:false
App Mode: DEVELOPER
Menu Key: ESCAPE
Stage Style: DECORATED
Scene Factory: class com.almasb.fxgl.app.scene.SceneFactory

00:57:59.355 [JavaFX Application Thread] DEBUG FXGLApplication      - Initializing FXGL
00:57:59.361 [JavaFX Application Thread] INFO  Engine               - FXGL-17.3 (30.03.2023 11.54) on WINDOWS (J:21 FX:20)
00:57:59.361 [JavaFX Application Thread] DEBUG Engine               - JRE Vendor Name: Oracle Corporation
00:57:59.361 [JavaFX Application Thread] DEBUG Engine               - Running on OS: Windows 10 version 10.0
00:57:59.362 [JavaFX Application Thread] DEBUG Engine               - Architecture: amd64
00:57:59.362 [JavaFX Application Thread] INFO  Engine               - Source code and latest versions at: https://github.com/AlmasB/FXGL
00:57:59.362 [JavaFX Application Thread] INFO  Engine               -       Ask questions and discuss at: https://github.com/AlmasB/FXGL/discussions
00:57:59.362 [JavaFX Application Thread] INFO  Engine               -              Join the FXGL chat at: https://gitter.im/AlmasB/FXGL
00:57:59.479 [JavaFX Application Thread] DEBUG PrimaryStageWindow   - Creating a JavaFX scene
00:57:59.526 [JavaFX Application Thread] DEBUG PrimaryStageWindow   - Target settings size: 600.0 x 600.0
00:57:59.526 [JavaFX Application Thread] DEBUG PrimaryStageWindow   - Scaled scene size:    600.0 x 600.0
00:57:59.526 [JavaFX Application Thread] DEBUG PrimaryStageWindow   - Scaled ratio: (1.0, 1.0)
00:57:59.527 [JavaFX Application Thread] DEBUG PrimaryStageWindow   - Set initial scene to FXGLStartupScene
00:57:59.530 [JavaFX Application Thread] DEBUG PrimaryStageWindow   - Opening main window
00:57:59.585 [JavaFX Application Thread] DEBUG PrimaryStageWindow   - Window border size: (14.4000244140625, 37.5999755859375)
00:57:59.585 [JavaFX Application Thread] DEBUG PrimaryStageWindow   - Scaled size: 600.0 x 600.0
00:57:59.585 [JavaFX Application Thread] DEBUG PrimaryStageWindow   - Scaled ratio: (1.0, 1.0)
00:57:59.586 [JavaFX Application Thread] DEBUG PrimaryStageWindow   - Scene size: 600.0 x 600.0
00:57:59.586 [JavaFX Application Thread] DEBUG PrimaryStageWindow   - Stage size: 614.4000244140625 x 637.5999755859375
00:57:59.592 [FXGL Background Thread 1 ] DEBUG Engine               - Initializing environment variables
00:57:59.634 [FXGL Background Thread 1 ] DEBUG FXGLAssetLoaderServi - User app class for loading assets: class PixelQuestApp
00:57:59.634 [FXGL Background Thread 1 ] DEBUG GameApplicationServi - Applying CSS: fxgl_dark.css
00:57:59.635 [FXGL Background Thread 1 ] DEBUG FXGLAssetLoaderServi - Loading from file system: jar:file:/C:/Users/Asher%20Siddique/Downloads/fxgl-17.3-uber.jar!/fxglassets/ui/css/fxgl_dark.css
00:57:59.677 [FXGL Background Thread 1 ] DEBUG GameApplicationServi - Initializing application scenes
00:58:00.031 [FXGL Background Thread 1 ] DEBUG GameWorld            - Game world initialized
00:58:00.081 [FXGL Background Thread 1 ] DEBUG PhysicsWorld         - Physics world initialized: appHeight=600, physics.ppm=50.0
00:58:00.081 [FXGL Background Thread 1 ] DEBUG PhysicsWorld         - Using strategy: BRUTE_FORCE
00:58:00.084 [FXGL Background Thread 1 ] DEBUG GameScene            - Game scene initialized: 600x600
00:58:00.095 [FXGL Background Thread 1 ] WARN  FXGL.DefaultMenu     - FXGLDefaultMenu is not designed for resolutions < 800x600
00:58:00.095 [FXGL Background Thread 1 ] DEBUG FXGL.DefaultMenu     - createMenuBodyGameMenu()
00:58:00.110 [FXGL Background Thread 1 ] DEBUG FXGL.DefaultMenu     - createOptionsMenu()
00:58:00.120 [FXGL Background Thread 1 ] DEBUG FXGLAssetLoaderServi - Loading from file system: jar:file:/C:/Users/Asher%20Siddique/Downloads/fxgl-17.3-uber.jar!/fxglassets/textures/particles/smoke.png
00:58:00.213 [FXGL Background Thread 1 ] DEBUG FXGLAssetLoaderServi - Loading from file system: jar:file:/C:/Users/Asher%20Siddique/Downloads/fxgl-17.3-uber.jar!/fxglassets/textures/particles/trace_horizontal.png
00:58:00.234 [FXGL Background Thread 1 ] DEBUG GameApplicationServi - Application scenes initialized
00:58:00.247 [FXGL Background Thread 1 ] DEBUG SystemBundleService  - Loading FXGL system data
00:58:00.250 [FXGL Background Thread 1 ] DEBUG FileSystemAccess     - Reading from: C:\Users\Asher Siddique\Desktop\uni stuff\pixelquest\system\fxgl.bundle
00:58:00.258 [FXGL Background Thread 1 ] DEBUG SystemBundleService  - Bundle FXGL: {}
00:58:00.258 [FXGL Background Thread 1 ] DEBUG UpdaterService       - Checking for updates
00:58:00.262 [FXGL Background Thread 4 ] DEBUG FXGLApplication      - Loading fonts
00:58:00.263 [FXGL Background Thread 4 ] DEBUG FXGLAssetLoaderServi - Loading from file system: jar:file:/C:/Users/Asher%20Siddique/Downloads/fxgl-17.3-uber.jar!/fxglassets/ui/fonts/VarelaRound-Regular.ttf
00:58:00.263 [FXGL Background Thread 1 ] DEBUG FXGLApplication      - Loading default localization
00:58:00.263 [FXGL Background Thread 1 ] DEBUG FXGLAssetLoaderServi - Loading from file system: jar:file:/C:/Users/Asher%20Siddique/Downloads/fxgl-17.3-uber.jar!/fxglassets/languages/english.lang
00:58:00.287 [FXGL Background Thread 1 ] INFO  FXGLApplication      - FXGL initialization took: 0.696 sec
00:58:00.288 [JavaFX Application Thread] DEBUG FXGLAssetLoaderServi - Loading from file system: jar:file:/C:/Users/Asher%20Siddique/Downloads/fxgl-17.3-uber.jar!/fxglassets/textures/fxgl_icon.png
00:58:00.299 [FXGL Background Thread 4 ] DEBUG FXGLAssetLoaderServi - Loading from file system: jar:file:/C:/Users/Asher%20Siddique/Downloads/fxgl-17.3-uber.jar!/fxglassets/ui/fonts/Abel-Regular.ttf
00:58:00.304 [FXGL Background Thread 4 ] DEBUG FXGLAssetLoaderServi - Loading from file system: jar:file:/C:/Users/Asher%20Siddique/Downloads/fxgl-17.3-uber.jar!/fxglassets/ui/fonts/TerminalLandMono-Regular.otf
00:58:00.309 [JavaFX Application Thread] DEBUG FXGLAssetLoaderServi - Loading from file system: jar:file:/C:/Users/Asher%20Siddique/Downloads/fxgl-17.3-uber.jar!/fxglassets/textures/fxgl_default_cursor.png
00:58:00.321 [JavaFX Application Thread] DEBUG Input                - Registered new binding: Screenshot - CTRL+8
00:58:00.321 [JavaFX Application Thread] DEBUG Input                - Registered new binding: System info dump - CTRL+9
00:58:00.322 [JavaFX Application Thread] DEBUG Input                - Registered new binding: Restart - CTRL+R
00:58:00.323 [JavaFX Application Thread] DEBUG Input                - Registered new binding: Toggle Debug Camera - CTRL+7
00:58:00.326 [JavaFX Application Thread] DEBUG LoopRunner           - Starting loop
00:58:00.326 [JavaFX Application Thread] DEBUG LoopRunner           - Initializing JavaFX AnimationTimerLoop
00:58:00.328 [JavaFX Application Thread] DEBUG GameApplicationServi - Starting new game
00:58:00.328 [JavaFX Application Thread] DEBUG Input                - Clearing active input actions
00:58:00.337 [JavaFX Application Thread] DEBUG GameApplicationServi - Removing overlay from FXGLStartupScene and adding to FXGLLoadingScene
00:58:00.337 [JavaFX Application Thread] DEBUG PrimaryStageWindow   - FXGLStartupScene -> FXGLLoadingScene
00:58:00.337 [JavaFX Application Thread] DEBUG GameApplicationServi - Clearing previous game
00:58:00.337 [JavaFX Application Thread] DEBUG GameScene            - Clearing game scene
00:58:00.337 [JavaFX Application Thread] DEBUG GameWorld            - Clearing game world
00:58:00.338 [JavaFX Application Thread] DEBUG PhysicsWorld         - Clearing physics world
00:58:00.339 [JavaFX Application Thread] DEBUG FXGLApplication      - Registering font factories with UI factory
00:58:00.339 [FXGL Background Thread 4 ] DEBUG FXGLApplication      - Initializing game
00:58:00.340 [FXGL Background Thread 4 ] INFO  FXGLApplication      - Game initialization took: 0.001 sec
00:58:00.386 [JavaFX Application Thread] DEBUG Input                - Clearing active input actions
00:58:00.400 [JavaFX Application Thread] DEBUG GameApplicationServi - Removing overlay from FXGLLoadingScene and adding to GameScene
00:58:00.401 [JavaFX Application Thread] DEBUG PrimaryStageWindow   - FXGLLoadingScene -> GameScene
00:58:03.246 [JavaFX Application Thread] DEBUG FXGLApplication      - Exiting FXGL
00:58:03.246 [JavaFX Application Thread] DEBUG LoopRunner           - Stopping loop
00:58:03.246 [JavaFX Application Thread] DEBUG SystemBundleService  - Saving FXGL system data
00:58:03.248 [JavaFX Application Thread] DEBUG FileSystemAccess     - Writing to: C:\Users\Asher Siddique\Desktop\uni stuff\pixelquest\system\fxgl.bundle
00:58:03.249 [JavaFX Application Thread] DEBUG Async                - Shutting down background threads
00:58:03.249 [JavaFX Application Thread] DEBUG PrimaryStageWindow   - Closing main window
00:58:03.263 [JavaFX Application Thread] DEBUG Logger               - Closing Logger
